#
# There is insufficient memory for the Java Runtime Environment to continue.
# Native memory allocation (malloc) failed to allocate 820816 bytes. Error detail: Chunk::new
# Possible reasons:
#   The system is out of physical RAM or swap space
#   This process is running with CompressedOops enabled, and the Java Heap may be blocking the growth of the native heap
# Possible solutions:
#   Reduce memory load on the system
#   Increase physical memory or swap space
#   Check if swap backing store is full
#   Decrease Java heap size (-Xmx/-Xms)
#   Decrease number of Java threads
#   Decrease Java thread stack sizes (-Xss)
#   Set larger code cache with -XX:ReservedCodeCacheSize=
#   JVM is running with Unscaled Compressed Oops mode in which the Java heap is
#     placed in the first 4GB address space. The Java Heap base address is the
#     maximum limit for the native heap growth. Please use -XX:HeapBaseMinAddress
#     to set the Java Heap base and to place the Java Heap above 4GB virtual address.
# This output file may be truncated or incomplete.
#
#  Out of Memory Error (arena.cpp:168), pid=1844, tid=15840
#
# JRE version: OpenJDK Runtime Environment Microsoft-12574459 (21.0.9+10) (build 21.0.9+10-LTS)
# Java VM: OpenJDK 64-Bit Server VM Microsoft-12574459 (21.0.9+10-LTS, mixed mode, sharing, tiered, compressed oops, compressed class ptrs, g1 gc, windows-amd64)
# No core dump will be written. Minidumps are not enabled by default on client versions of Windows
#

---------------  S U M M A R Y ------------

Command Line: -Dallure.results.directory=C:\IDEA_1\at-java-web-v01\build\allure-results -Djunit.jupiter.execution.parallel.config.fixed.parallelism=2 -Djunit.jupiter.execution.parallel.config.strategy=fixed -Djunit.jupiter.execution.parallel.enabled=true -Djunit.jupiter.execution.parallel.mode.default=concurrent -Djunit.jupiter.extensions.autodetection.enabled=true -Dorg.gradle.internal.worker.tmpdir=C:\IDEA_1\at-java-web-v01\build\tmp\test\work -javaagent:C:\IDEA_1\Settings\caches\modules-2\files-2.1\org.aspectj\aspectjweaver\1.9.22.1\bca243d0af0db4758fbae45c5f4995cb5dabb612\aspectjweaver-1.9.22.1.jar -Xmx512m -Dfile.encoding=UTF-8 -Duser.country=RU -Duser.language=ru -Duser.variant -ea worker.org.gradle.process.internal.worker.GradleWorkerMain 'Gradle Test Executor 1'

Host: Intel(R) Core(TM) i5-1035G1 CPU @ 1.00GHz, 8 cores, 7G,  Windows 10 , 64 bit Build 19041 (10.0.19041.5915)
Time: Mon Dec 22 23:01:58 2025 elapsed time: 36.986293 seconds (0d 0h 0m 36s)

---------------  T H R E A D  ---------------

Current thread (0x000001addc3a5040):  JavaThread "C2 CompilerThread0" daemon [_thread_in_native, id=15840, stack(0x0000002a0c400000,0x0000002a0c500000) (1024K)]


Current CompileTask:
C2:36986 4117   !   4       org.aspectj.weaver.World::resolve (354 bytes)

Stack: [0x0000002a0c400000,0x0000002a0c500000]
Native frames: (J=compiled Java code, j=interpreted, Vv=VM code, C=native code)
V  [jvm.dll+0x6df259]  (no source info available)
V  [jvm.dll+0x8bfe4b]  (no source info available)
V  [jvm.dll+0x8c23da]  (no source info available)
V  [jvm.dll+0x8c2ab3]  (no source info available)
V  [jvm.dll+0x28a416]  (no source info available)
V  [jvm.dll+0xc903d]  (no source info available)
V  [jvm.dll+0xc958c]  (no source info available)
V  [jvm.dll+0x3c7cc2]  (no source info available)
V  [jvm.dll+0x394452]  (no source info available)
V  [jvm.dll+0x3938aa]  (no source info available)
V  [jvm.dll+0x2520a0]  (no source info available)
V  [jvm.dll+0x2516c3]  (no source info available)
V  [jvm.dll+0x1d18cf]  (no source info available)
V  [jvm.dll+0x26138a]  (no source info available)
V  [jvm.dll+0x25f6f5]  (no source info available)
V  [jvm.dll+0x401aad]  (no source info available)
V  [jvm.dll+0x869f7d]  (no source info available)
V  [jvm.dll+0x6e080d]  (no source info available)
C  [ucrtbase.dll+0x21bb2]  (no source info available)
C  [KERNEL32.DLL+0x17374]  (no source info available)
C  [ntdll.dll+0x4cc91]  (no source info available)


---------------  P R O C E S S  ---------------

Threads class SMR info:
_java_thread_list=0x000001ae22641180, length=33, elements={
0x000001adbf4433f0, 0x000001addc393940, 0x000001addc394740, 0x000001addc397a10,
0x000001addc398550, 0x000001addc3994a0, 0x000001addc3a2680, 0x000001addc3a5040,
0x000001addc3a7ee0, 0x000001addc644950, 0x000001ae2220b480, 0x000001ae22857320,
0x000001ae22a62940, 0x000001ae22a82c50, 0x000001ae23c38710, 0x000001ae23c24e90,
0x000001ae22fe6e00, 0x000001ae23aee010, 0x000001ae23aee670, 0x000001ae23aeecd0,
0x000001ae22048100, 0x000001ae22053630, 0x000001ae22052280, 0x000001ae22052910,
0x000001ae22052fa0, 0x000001ae22053cc0, 0x000001ae22050ed0, 0x000001ae22050840,
0x000001ae22051560, 0x000001ae22dc3410, 0x000001ae22dc3aa0, 0x000001ae22dc4130,
0x000001ae22dc1340
}

Java Threads: ( => current thread )
  0x000001adbf4433f0 JavaThread "Test worker"                       [_thread_blocked, id=9220, stack(0x0000002a0b600000,0x0000002a0b700000) (1024K)]
  0x000001addc393940 JavaThread "Reference Handler"          daemon [_thread_blocked, id=4260, stack(0x0000002a0be00000,0x0000002a0bf00000) (1024K)]
  0x000001addc394740 JavaThread "Finalizer"                  daemon [_thread_blocked, id=25608, stack(0x0000002a0bf00000,0x0000002a0c000000) (1024K)]
  0x000001addc397a10 JavaThread "Signal Dispatcher"          daemon [_thread_blocked, id=21988, stack(0x0000002a0c000000,0x0000002a0c100000) (1024K)]
  0x000001addc398550 JavaThread "Attach Listener"            daemon [_thread_blocked, id=1124, stack(0x0000002a0c100000,0x0000002a0c200000) (1024K)]
  0x000001addc3994a0 JavaThread "Service Thread"             daemon [_thread_blocked, id=27280, stack(0x0000002a0c200000,0x0000002a0c300000) (1024K)]
  0x000001addc3a2680 JavaThread "Monitor Deflation Thread"   daemon [_thread_blocked, id=21524, stack(0x0000002a0c300000,0x0000002a0c400000) (1024K)]
=>0x000001addc3a5040 JavaThread "C2 CompilerThread0"         daemon [_thread_in_native, id=15840, stack(0x0000002a0c400000,0x0000002a0c500000) (1024K)]
  0x000001addc3a7ee0 JavaThread "C1 CompilerThread0"         daemon [_thread_blocked, id=9144, stack(0x0000002a0c500000,0x0000002a0c600000) (1024K)]
  0x000001addc644950 JavaThread "Common-Cleaner"             daemon [_thread_blocked, id=22024, stack(0x0000002a0c600000,0x0000002a0c700000) (1024K)]
  0x000001ae2220b480 JavaThread "Notification Thread"        daemon [_thread_blocked, id=20084, stack(0x0000002a0c700000,0x0000002a0c800000) (1024K)]
  0x000001ae22857320 JavaThread "/127.0.0.1:54460 to /127.0.0.1:54455 workers"        [_thread_blocked, id=7324, stack(0x0000002a0ce00000,0x0000002a0cf00000) (1024K)]
  0x000001ae22a62940 JavaThread "/127.0.0.1:54460 to /127.0.0.1:54455 workers Thread 2"        [_thread_blocked, id=14516, stack(0x0000002a0cf00000,0x0000002a0d000000) (1024K)]
  0x000001ae22a82c50 JavaThread "/127.0.0.1:54460 to /127.0.0.1:54455 workers Thread 3"        [_thread_in_native, id=560, stack(0x0000002a0d000000,0x0000002a0d100000) (1024K)]
  0x000001ae23c38710 JavaThread "ForkJoinPool-1-worker-1"    daemon [_thread_in_native, id=15824, stack(0x0000002a0d300000,0x0000002a0d400000) (1024K)]
  0x000001ae23c24e90 JavaThread "ForkJoinPool-1-worker-2"    daemon [_thread_blocked, id=23136, stack(0x0000002a0d500000,0x0000002a0d600000) (1024K)]
  0x000001ae22fe6e00 JavaThread "HttpClient-1-SelectorManager" daemon [_thread_in_native, id=6260, stack(0x0000002a0d600000,0x0000002a0d700000) (1024K)]
  0x000001ae23aee010 JavaThread "External Process Output Forwarder - C:\Users\Admin\.cache\selenium\chromedriver\win64\143.0.7499.169\chromedriver.exe" daemon [_thread_in_native, id=24920, stack(0x0000002a0d700000,0x0000002a0d800000) (1024K)]
  0x000001ae23aee670 JavaThread "Driver Service Executor"    daemon [_thread_blocked, id=9392, stack(0x0000002a0d800000,0x0000002a0d900000) (1024K)]
  0x000001ae23aeecd0 JavaThread "Driver Service Executor"    daemon [_thread_blocked, id=28096, stack(0x0000002a0d900000,0x0000002a0da00000) (1024K)]
  0x000001ae22048100 JavaThread "UrlChecker-2"               daemon [_thread_blocked, id=25448, stack(0x0000002a0da00000,0x0000002a0db00000) (1024K)]
  0x000001ae22053630 JavaThread "JdkHttpClient-0-0"          daemon [_thread_blocked, id=29312, stack(0x0000002a0dc00000,0x0000002a0dd00000) (1024K)]
  0x000001ae22052280 JavaThread "CompletableFutureDelayScheduler" daemon [_thread_blocked, id=26512, stack(0x0000002a0dd00000,0x0000002a0de00000) (1024K)]
  0x000001ae22052910 JavaThread "JdkHttpClient-0-1"          daemon [_thread_blocked, id=27416, stack(0x0000002a0de00000,0x0000002a0df00000) (1024K)]
  0x000001ae22052fa0 JavaThread "JdkHttpClient-0-2"          daemon [_thread_blocked, id=16708, stack(0x0000002a0df00000,0x0000002a0e000000) (1024K)]
  0x000001ae22053cc0 JavaThread "JdkHttpClient-0-3"          daemon [_thread_blocked, id=13316, stack(0x0000002a0e000000,0x0000002a0e100000) (1024K)]
  0x000001ae22050ed0 JavaThread "HttpClient-2-SelectorManager" daemon [_thread_in_native, id=21076, stack(0x0000002a0e100000,0x0000002a0e200000) (1024K)]
  0x000001ae22050840 JavaThread "JdkHttpClient-1-0"          daemon [_thread_blocked, id=16676, stack(0x0000002a0e200000,0x0000002a0e300000) (1024K)]
  0x000001ae22051560 JavaThread "JdkHttpClient-1-1"          daemon [_thread_blocked, id=5700, stack(0x0000002a0e300000,0x0000002a0e400000) (1024K)]
  0x000001ae22dc3410 JavaThread "JdkHttpClient-1-2"          daemon [_thread_blocked, id=19644, stack(0x0000002a0e400000,0x0000002a0e500000) (1024K)]
  0x000001ae22dc3aa0 JavaThread "JdkHttpClient-1-3"          daemon [_thread_blocked, id=20684, stack(0x0000002a0e500000,0x0000002a0e600000) (1024K)]
  0x000001ae22dc4130 JavaThread "ForkJoinPool.commonPool-worker-1" daemon [_thread_blocked, id=8676, stack(0x0000002a0e600000,0x0000002a0e700000) (1024K)]
  0x000001ae22dc1340 JavaThread "Dead threads watchdog"      daemon [_thread_blocked, id=27716, stack(0x0000002a0e700000,0x0000002a0e800000) (1024K)]
Total: 33

Other Threads:
  0x000001addc3748b0 VMThread "VM Thread"                           [id=9472, stack(0x0000002a0bd00000,0x0000002a0be00000) (1024K)]
  0x000001addc363470 WatcherThread "VM Periodic Task Thread"        [id=10644, stack(0x0000002a0bc00000,0x0000002a0bd00000) (1024K)]
  0x000001adbf5789c0 WorkerThread "GC Thread#0"                     [id=29600, stack(0x0000002a0b700000,0x0000002a0b800000) (1024K)]
  0x000001ae22796e30 WorkerThread "GC Thread#1"                     [id=28180, stack(0x0000002a0c800000,0x0000002a0c900000) (1024K)]
  0x000001ae227927b0 WorkerThread "GC Thread#2"                     [id=6616, stack(0x0000002a0c900000,0x0000002a0ca00000) (1024K)]
  0x000001ae227c8de0 WorkerThread "GC Thread#3"                     [id=10532, stack(0x0000002a0ca00000,0x0000002a0cb00000) (1024K)]
  0x000001ae227c9180 WorkerThread "GC Thread#4"                     [id=22492, stack(0x0000002a0cb00000,0x0000002a0cc00000) (1024K)]
  0x000001ae227c9520 WorkerThread "GC Thread#5"                     [id=25492, stack(0x0000002a0cc00000,0x0000002a0cd00000) (1024K)]
  0x000001ae22d98df0 WorkerThread "GC Thread#6"                     [id=21932, stack(0x0000002a0d100000,0x0000002a0d200000) (1024K)]
  0x000001ae23182c60 WorkerThread "GC Thread#7"                     [id=13244, stack(0x0000002a0d200000,0x0000002a0d300000) (1024K)]
  0x000001adbf57a880 ConcurrentGCThread "G1 Main Marker"            [id=13004, stack(0x0000002a0b800000,0x0000002a0b900000) (1024K)]
  0x000001adbf50e5a0 WorkerThread "G1 Conc#0"                       [id=12612, stack(0x0000002a0b900000,0x0000002a0ba00000) (1024K)]
  0x000001ae23c8e720 WorkerThread "G1 Conc#1"                       [id=29096, stack(0x0000002a0d400000,0x0000002a0d500000) (1024K)]
  0x000001addc240090 ConcurrentGCThread "G1 Refine#0"               [id=20840, stack(0x0000002a0ba00000,0x0000002a0bb00000) (1024K)]
  0x000001addc240b00 ConcurrentGCThread "G1 Service"                [id=22196, stack(0x0000002a0bb00000,0x0000002a0bc00000) (1024K)]
Total: 15

Threads with active compile tasks:
C2 CompilerThread0  37040 4117   !   4       org.aspectj.weaver.World::resolve (354 bytes)
Total: 1

VM state: not at safepoint (normal execution)

VM Mutex/Monitor currently owned by a thread: None

Heap address: 0x00000000e0000000, size: 512 MB, Compressed Oops mode: 32-bit

CDS archive(s) mapped at: [0x000001addd000000-0x000001adddc80000-0x000001adddc80000), size 13107200, SharedBaseAddress: 0x000001addd000000, ArchiveRelocationMode: 1.
Compressed class space mapped at: 0x000001adde000000-0x000001ae1e000000, reserved size: 1073741824
Narrow klass base: 0x000001addd000000, Narrow klass shift: 0, Narrow klass range: 0x100000000

GC Precious Log:
 CardTable entry size: 512
 Card Set container configuration: InlinePtr #cards 5 size 8 Array Of Cards #cards 12 size 40 Howl #buckets 4 coarsen threshold 1843 Howl Bitmap #cards 512 size 80 coarsen threshold 460 Card regions per heap region 1 cards per card region 2048
 CPUs: 8 total, 8 available
 Memory: 7959M
 Large Page Support: Disabled
 NUMA Support: Disabled
 Compressed Oops: Enabled (32-bit)
 Heap Region Size: 1M
 Heap Min Capacity: 8M
 Heap Initial Capacity: 126M
 Heap Max Capacity: 512M
 Pre-touch: Disabled
 Parallel Workers: 8
 Concurrent Workers: 2
 Concurrent Refinement Workers: 8
 Periodic GC: Disabled

Heap:
 garbage-first heap   total 129024K, used 100287K [0x00000000e0000000, 0x0000000100000000)
  region size 1024K, 26 young (26624K), 6 survivors (6144K)
 Metaspace       used 30754K, committed 31296K, reserved 1114112K
  class space    used 3733K, committed 3968K, reserved 1048576K

Heap Regions: E=young(eden), S=young(survivor), O=old, HS=humongous(starts), HC=humongous(continues), CS=collection set, F=free, TAMS=top-at-mark-start, PB=parsable bottom
|   0|0x00000000e0000000, 0x00000000e0100000, 0x00000000e0100000|100%|HS|  |TAMS 0x00000000e0000000| PB 0x00000000e0000000| Complete 
|   1|0x00000000e0100000, 0x00000000e0200000, 0x00000000e0200000|100%| O|  |TAMS 0x00000000e0100000| PB 0x00000000e0100000| Untracked 
|   2|0x00000000e0200000, 0x00000000e0300000, 0x00000000e0300000|100%| O|  |TAMS 0x00000000e0200000| PB 0x00000000e0200000| Untracked 
|   3|0x00000000e0300000, 0x00000000e0400000, 0x00000000e0400000|100%| O|  |TAMS 0x00000000e0300000| PB 0x00000000e0300000| Untracked 
|   4|0x00000000e0400000, 0x00000000e0500000, 0x00000000e0500000|100%| O|  |TAMS 0x00000000e0400000| PB 0x00000000e0400000| Untracked 
|   5|0x00000000e0500000, 0x00000000e0600000, 0x00000000e0600000|100%| O|  |TAMS 0x00000000e0500000| PB 0x00000000e0500000| Untracked 
|   6|0x00000000e0600000, 0x00000000e0700000, 0x00000000e0700000|100%| O|  |TAMS 0x00000000e0600000| PB 0x00000000e0600000| Untracked 
|   7|0x00000000e0700000, 0x00000000e0800000, 0x00000000e0800000|100%| O|  |TAMS 0x00000000e0700000| PB 0x00000000e0700000| Untracked 
|   8|0x00000000e0800000, 0x00000000e0900000, 0x00000000e0900000|100%| O|Cm|TAMS 0x00000000e0800000| PB 0x00000000e0800000| Complete 
|   9|0x00000000e0900000, 0x00000000e0a00000, 0x00000000e0a00000|100%| O|Cm|TAMS 0x00000000e0900000| PB 0x00000000e0900000| Complete 
|  10|0x00000000e0a00000, 0x00000000e0b00000, 0x00000000e0b00000|100%| O|  |TAMS 0x00000000e0a00000| PB 0x00000000e0a00000| Untracked 
|  11|0x00000000e0b00000, 0x00000000e0c00000, 0x00000000e0c00000|100%| O|  |TAMS 0x00000000e0b00000| PB 0x00000000e0b00000| Untracked 
|  12|0x00000000e0c00000, 0x00000000e0d00000, 0x00000000e0d00000|100%| O|  |TAMS 0x00000000e0c00000| PB 0x00000000e0c00000| Untracked 
|  13|0x00000000e0d00000, 0x00000000e0e00000, 0x00000000e0e00000|100%| O|  |TAMS 0x00000000e0d00000| PB 0x00000000e0d00000| Untracked 
|  14|0x00000000e0e00000, 0x00000000e0f00000, 0x00000000e0f00000|100%| O|  |TAMS 0x00000000e0e00000| PB 0x00000000e0e00000| Untracked 
|  15|0x00000000e0f00000, 0x00000000e1000000, 0x00000000e1000000|100%| O|  |TAMS 0x00000000e0f00000| PB 0x00000000e0f00000| Untracked 
|  16|0x00000000e1000000, 0x00000000e1100000, 0x00000000e1100000|100%| O|  |TAMS 0x00000000e1000000| PB 0x00000000e1000000| Untracked 
|  17|0x00000000e1100000, 0x00000000e1200000, 0x00000000e1200000|100%| O|  |TAMS 0x00000000e1100000| PB 0x00000000e1100000| Untracked 
|  18|0x00000000e1200000, 0x00000000e1300000, 0x00000000e1300000|100%| O|Cm|TAMS 0x00000000e1200000| PB 0x00000000e1200000| Complete 
|  19|0x00000000e1300000, 0x00000000e1400000, 0x00000000e1400000|100%| O|  |TAMS 0x00000000e1300000| PB 0x00000000e1300000| Untracked 
|  20|0x00000000e1400000, 0x00000000e1500000, 0x00000000e1500000|100%| O|  |TAMS 0x00000000e1400000| PB 0x00000000e1400000| Untracked 
|  21|0x00000000e1500000, 0x00000000e1600000, 0x00000000e1600000|100%| O|  |TAMS 0x00000000e1500000| PB 0x00000000e1500000| Untracked 
|  22|0x00000000e1600000, 0x00000000e1700000, 0x00000000e1700000|100%| O|  |TAMS 0x00000000e1600000| PB 0x00000000e1600000| Untracked 
|  23|0x00000000e1700000, 0x00000000e1800000, 0x00000000e1800000|100%| O|  |TAMS 0x00000000e1700000| PB 0x00000000e1700000| Untracked 
|  24|0x00000000e1800000, 0x00000000e1900000, 0x00000000e1900000|100%| O|  |TAMS 0x00000000e1800000| PB 0x00000000e1800000| Untracked 
|  25|0x00000000e1900000, 0x00000000e1a00000, 0x00000000e1a00000|100%| O|  |TAMS 0x00000000e1900000| PB 0x00000000e1900000| Untracked 
|  26|0x00000000e1a00000, 0x00000000e1b00000, 0x00000000e1b00000|100%| O|  |TAMS 0x00000000e1a00000| PB 0x00000000e1a00000| Untracked 
|  27|0x00000000e1b00000, 0x00000000e1c00000, 0x00000000e1c00000|100%| O|  |TAMS 0x00000000e1b00000| PB 0x00000000e1b00000| Untracked 
|  28|0x00000000e1c00000, 0x00000000e1d00000, 0x00000000e1d00000|100%| O|  |TAMS 0x00000000e1c00000| PB 0x00000000e1c00000| Untracked 
|  29|0x00000000e1d00000, 0x00000000e1e00000, 0x00000000e1e00000|100%| O|  |TAMS 0x00000000e1d00000| PB 0x00000000e1d00000| Untracked 
|  30|0x00000000e1e00000, 0x00000000e1f00000, 0x00000000e1f00000|100%| O|  |TAMS 0x00000000e1e00000| PB 0x00000000e1e00000| Untracked 
|  31|0x00000000e1f00000, 0x00000000e2000000, 0x00000000e2000000|100%| O|  |TAMS 0x00000000e1f00000| PB 0x00000000e1f00000| Untracked 
|  32|0x00000000e2000000, 0x00000000e2100000, 0x00000000e2100000|100%| O|  |TAMS 0x00000000e2000000| PB 0x00000000e2000000| Untracked 
|  33|0x00000000e2100000, 0x00000000e2200000, 0x00000000e2200000|100%| O|  |TAMS 0x00000000e2100000| PB 0x00000000e2100000| Untracked 
|  34|0x00000000e2200000, 0x00000000e2300000, 0x00000000e2300000|100%| O|  |TAMS 0x00000000e2200000| PB 0x00000000e2200000| Untracked 
|  35|0x00000000e2300000, 0x00000000e2400000, 0x00000000e2400000|100%| O|  |TAMS 0x00000000e2300000| PB 0x00000000e2300000| Untracked 
|  36|0x00000000e2400000, 0x00000000e2500000, 0x00000000e2500000|100%| O|  |TAMS 0x00000000e2400000| PB 0x00000000e2400000| Untracked 
|  37|0x00000000e2500000, 0x00000000e2600000, 0x00000000e2600000|100%| O|  |TAMS 0x00000000e2500000| PB 0x00000000e2500000| Untracked 
|  38|0x00000000e2600000, 0x00000000e2700000, 0x00000000e2700000|100%| O|  |TAMS 0x00000000e2600000| PB 0x00000000e2600000| Untracked 
|  39|0x00000000e2700000, 0x00000000e2800000, 0x00000000e2800000|100%|HS|  |TAMS 0x00000000e2700000| PB 0x00000000e2700000| Complete 
|  40|0x00000000e2800000, 0x00000000e2900000, 0x00000000e2900000|100%|HS|  |TAMS 0x00000000e2800000| PB 0x00000000e2800000| Complete 
|  41|0x00000000e2900000, 0x00000000e2a00000, 0x00000000e2a00000|100%|HS|  |TAMS 0x00000000e2900000| PB 0x00000000e2900000| Complete 
|  42|0x00000000e2a00000, 0x00000000e2b00000, 0x00000000e2b00000|100%|HC|  |TAMS 0x00000000e2a00000| PB 0x00000000e2a00000| Complete 
|  43|0x00000000e2b00000, 0x00000000e2c00000, 0x00000000e2c00000|100%|HS|  |TAMS 0x00000000e2b00000| PB 0x00000000e2b00000| Complete 
|  44|0x00000000e2c00000, 0x00000000e2d00000, 0x00000000e2d00000|100%|HS|  |TAMS 0x00000000e2c00000| PB 0x00000000e2c00000| Complete 
|  45|0x00000000e2d00000, 0x00000000e2e00000, 0x00000000e2e00000|100%|HC|  |TAMS 0x00000000e2d00000| PB 0x00000000e2d00000| Complete 
|  46|0x00000000e2e00000, 0x00000000e2f00000, 0x00000000e2f00000|100%|HS|  |TAMS 0x00000000e2e00000| PB 0x00000000e2e00000| Complete 
|  47|0x00000000e2f00000, 0x00000000e3000000, 0x00000000e3000000|100%|HC|  |TAMS 0x00000000e2f00000| PB 0x00000000e2f00000| Complete 
|  48|0x00000000e3000000, 0x00000000e3100000, 0x00000000e3100000|100%|HC|  |TAMS 0x00000000e3000000| PB 0x00000000e3000000| Complete 
|  49|0x00000000e3100000, 0x00000000e3200000, 0x00000000e3200000|100%|HS|  |TAMS 0x00000000e3100000| PB 0x00000000e3100000| Complete 
|  50|0x00000000e3200000, 0x00000000e3300000, 0x00000000e3300000|100%|HC|  |TAMS 0x00000000e3200000| PB 0x00000000e3200000| Complete 
|  51|0x00000000e3300000, 0x00000000e3400000, 0x00000000e3400000|100%|HS|  |TAMS 0x00000000e3300000| PB 0x00000000e3300000| Complete 
|  52|0x00000000e3400000, 0x00000000e3500000, 0x00000000e3500000|100%|HC|  |TAMS 0x00000000e3400000| PB 0x00000000e3400000| Complete 
|  53|0x00000000e3500000, 0x00000000e3600000, 0x00000000e3600000|100%|HS|  |TAMS 0x00000000e3500000| PB 0x00000000e3500000| Complete 
|  54|0x00000000e3600000, 0x00000000e3700000, 0x00000000e3700000|100%|HC|  |TAMS 0x00000000e3600000| PB 0x00000000e3600000| Complete 
|  55|0x00000000e3700000, 0x00000000e3800000, 0x00000000e3800000|100%|HC|  |TAMS 0x00000000e3700000| PB 0x00000000e3700000| Complete 
|  56|0x00000000e3800000, 0x00000000e3900000, 0x00000000e3900000|100%|HS|  |TAMS 0x00000000e3800000| PB 0x00000000e3800000| Complete 
|  57|0x00000000e3900000, 0x00000000e3900000, 0x00000000e3a00000|  0%| F|  |TAMS 0x00000000e3900000| PB 0x00000000e3900000| Untracked 
|  58|0x00000000e3a00000, 0x00000000e3aefcf0, 0x00000000e3b00000| 93%| S|CS|TAMS 0x00000000e3a00000| PB 0x00000000e3a00000| Complete 
|  59|0x00000000e3b00000, 0x00000000e3c00000, 0x00000000e3c00000|100%| S|CS|TAMS 0x00000000e3b00000| PB 0x00000000e3b00000| Complete 
|  60|0x00000000e3c00000, 0x00000000e3d00000, 0x00000000e3d00000|100%| S|CS|TAMS 0x00000000e3c00000| PB 0x00000000e3c00000| Complete 
|  61|0x00000000e3d00000, 0x00000000e3e00000, 0x00000000e3e00000|100%| S|CS|TAMS 0x00000000e3d00000| PB 0x00000000e3d00000| Complete 
|  62|0x00000000e3e00000, 0x00000000e3f00000, 0x00000000e3f00000|100%| S|CS|TAMS 0x00000000e3e00000| PB 0x00000000e3e00000| Complete 
|  63|0x00000000e3f00000, 0x00000000e4000000, 0x00000000e4000000|100%| S|CS|TAMS 0x00000000e3f00000| PB 0x00000000e3f00000| Complete 
|  64|0x00000000e4000000, 0x00000000e4100000, 0x00000000e4100000|100%|HS|  |TAMS 0x00000000e4000000| PB 0x00000000e4000000| Complete 
|  65|0x00000000e4100000, 0x00000000e4200000, 0x00000000e4200000|100%|HC|  |TAMS 0x00000000e4100000| PB 0x00000000e4100000| Complete 
|  66|0x00000000e4200000, 0x00000000e4300000, 0x00000000e4300000|100%|HC|  |TAMS 0x00000000e4200000| PB 0x00000000e4200000| Complete 
|  67|0x00000000e4300000, 0x00000000e4400000, 0x00000000e4400000|100%|HS|  |TAMS 0x00000000e4300000| PB 0x00000000e4300000| Complete 
|  68|0x00000000e4400000, 0x00000000e4500000, 0x00000000e4500000|100%|HC|  |TAMS 0x00000000e4400000| PB 0x00000000e4400000| Complete 
|  69|0x00000000e4500000, 0x00000000e4600000, 0x00000000e4600000|100%|HS|  |TAMS 0x00000000e4500000| PB 0x00000000e4500000| Complete 
|  70|0x00000000e4600000, 0x00000000e4700000, 0x00000000e4700000|100%|HC|  |TAMS 0x00000000e4600000| PB 0x00000000e4600000| Complete 
|  71|0x00000000e4700000, 0x00000000e4800000, 0x00000000e4800000|100%|HC|  |TAMS 0x00000000e4700000| PB 0x00000000e4700000| Complete 
|  72|0x00000000e4800000, 0x00000000e4900000, 0x00000000e4900000|100%|HS|  |TAMS 0x00000000e4800000| PB 0x00000000e4800000| Complete 
|  73|0x00000000e4900000, 0x00000000e4a00000, 0x00000000e4a00000|100%|HC|  |TAMS 0x00000000e4900000| PB 0x00000000e4900000| Complete 
|  74|0x00000000e4a00000, 0x00000000e4b00000, 0x00000000e4b00000|100%|HC|  |TAMS 0x00000000e4a00000| PB 0x00000000e4a00000| Complete 
|  75|0x00000000e4b00000, 0x00000000e4c00000, 0x00000000e4c00000|100%|HS|  |TAMS 0x00000000e4b00000| PB 0x00000000e4b00000| Complete 
|  76|0x00000000e4c00000, 0x00000000e4d00000, 0x00000000e4d00000|100%|HC|  |TAMS 0x00000000e4c00000| PB 0x00000000e4c00000| Complete 
|  77|0x00000000e4d00000, 0x00000000e4e00000, 0x00000000e4e00000|100%|HC|  |TAMS 0x00000000e4d00000| PB 0x00000000e4d00000| Complete 
|  78|0x00000000e4e00000, 0x00000000e4f00000, 0x00000000e4f00000|100%|HC|  |TAMS 0x00000000e4e00000| PB 0x00000000e4e00000| Complete 
|  79|0x00000000e4f00000, 0x00000000e5000000, 0x00000000e5000000|100%|HS|  |TAMS 0x00000000e4f00000| PB 0x00000000e4f00000| Complete 
|  80|0x00000000e5000000, 0x00000000e5100000, 0x00000000e5100000|100%|HC|  |TAMS 0x00000000e5000000| PB 0x00000000e5000000| Complete 
|  81|0x00000000e5100000, 0x00000000e5100000, 0x00000000e5200000|  0%| F|  |TAMS 0x00000000e5100000| PB 0x00000000e5100000| Untracked 
|  82|0x00000000e5200000, 0x00000000e5200000, 0x00000000e5300000|  0%| F|  |TAMS 0x00000000e5200000| PB 0x00000000e5200000| Untracked 
|  83|0x00000000e5300000, 0x00000000e5300000, 0x00000000e5400000|  0%| F|  |TAMS 0x00000000e5300000| PB 0x00000000e5300000| Untracked 
|  84|0x00000000e5400000, 0x00000000e5400000, 0x00000000e5500000|  0%| F|  |TAMS 0x00000000e5400000| PB 0x00000000e5400000| Untracked 
|  85|0x00000000e5500000, 0x00000000e5500000, 0x00000000e5600000|  0%| F|  |TAMS 0x00000000e5500000| PB 0x00000000e5500000| Untracked 
|  86|0x00000000e5600000, 0x00000000e5600000, 0x00000000e5700000|  0%| F|  |TAMS 0x00000000e5600000| PB 0x00000000e5600000| Untracked 
|  87|0x00000000e5700000, 0x00000000e5700000, 0x00000000e5800000|  0%| F|  |TAMS 0x00000000e5700000| PB 0x00000000e5700000| Untracked 
|  88|0x00000000e5800000, 0x00000000e5800000, 0x00000000e5900000|  0%| F|  |TAMS 0x00000000e5800000| PB 0x00000000e5800000| Untracked 
|  89|0x00000000e5900000, 0x00000000e5900000, 0x00000000e5a00000|  0%| F|  |TAMS 0x00000000e5900000| PB 0x00000000e5900000| Untracked 
|  90|0x00000000e5a00000, 0x00000000e5a00000, 0x00000000e5b00000|  0%| F|  |TAMS 0x00000000e5a00000| PB 0x00000000e5a00000| Untracked 
|  91|0x00000000e5b00000, 0x00000000e5b00000, 0x00000000e5c00000|  0%| F|  |TAMS 0x00000000e5b00000| PB 0x00000000e5b00000| Untracked 
|  92|0x00000000e5c00000, 0x00000000e5c00000, 0x00000000e5d00000|  0%| F|  |TAMS 0x00000000e5c00000| PB 0x00000000e5c00000| Untracked 
|  93|0x00000000e5d00000, 0x00000000e5d00000, 0x00000000e5e00000|  0%| F|  |TAMS 0x00000000e5d00000| PB 0x00000000e5d00000| Untracked 
|  94|0x00000000e5e00000, 0x00000000e5e00000, 0x00000000e5f00000|  0%| F|  |TAMS 0x00000000e5e00000| PB 0x00000000e5e00000| Untracked 
|  95|0x00000000e5f00000, 0x00000000e5f00000, 0x00000000e6000000|  0%| F|  |TAMS 0x00000000e5f00000| PB 0x00000000e5f00000| Untracked 
|  96|0x00000000e6000000, 0x00000000e6000000, 0x00000000e6100000|  0%| F|  |TAMS 0x00000000e6000000| PB 0x00000000e6000000| Untracked 
|  97|0x00000000e6100000, 0x00000000e6100000, 0x00000000e6200000|  0%| F|  |TAMS 0x00000000e6100000| PB 0x00000000e6100000| Untracked 
|  98|0x00000000e6200000, 0x00000000e6200000, 0x00000000e6300000|  0%| F|  |TAMS 0x00000000e6200000| PB 0x00000000e6200000| Untracked 
|  99|0x00000000e6300000, 0x00000000e6300000, 0x00000000e6400000|  0%| F|  |TAMS 0x00000000e6300000| PB 0x00000000e6300000| Untracked 
| 100|0x00000000e6400000, 0x00000000e6400000, 0x00000000e6500000|  0%| F|  |TAMS 0x00000000e6400000| PB 0x00000000e6400000| Untracked 
| 101|0x00000000e6500000, 0x00000000e6500000, 0x00000000e6600000|  0%| F|  |TAMS 0x00000000e6500000| PB 0x00000000e6500000| Untracked 
| 102|0x00000000e6600000, 0x00000000e6600000, 0x00000000e6700000|  0%| F|  |TAMS 0x00000000e6600000| PB 0x00000000e6600000| Untracked 
| 103|0x00000000e6700000, 0x00000000e6700000, 0x00000000e6800000|  0%| F|  |TAMS 0x00000000e6700000| PB 0x00000000e6700000| Untracked 
| 104|0x00000000e6800000, 0x00000000e6800000, 0x00000000e6900000|  0%| F|  |TAMS 0x00000000e6800000| PB 0x00000000e6800000| Untracked 
| 105|0x00000000e6900000, 0x00000000e6900000, 0x00000000e6a00000|  0%| F|  |TAMS 0x00000000e6900000| PB 0x00000000e6900000| Untracked 
| 106|0x00000000e6a00000, 0x00000000e6b00000, 0x00000000e6b00000|100%| E|  |TAMS 0x00000000e6a00000| PB 0x00000000e6a00000| Complete 
| 107|0x00000000e6b00000, 0x00000000e6c00000, 0x00000000e6c00000|100%| E|CS|TAMS 0x00000000e6b00000| PB 0x00000000e6b00000| Complete 
| 108|0x00000000e6c00000, 0x00000000e6d00000, 0x00000000e6d00000|100%| E|CS|TAMS 0x00000000e6c00000| PB 0x00000000e6c00000| Complete 
| 109|0x00000000e6d00000, 0x00000000e6e00000, 0x00000000e6e00000|100%| E|CS|TAMS 0x00000000e6d00000| PB 0x00000000e6d00000| Complete 
| 110|0x00000000e6e00000, 0x00000000e6f00000, 0x00000000e6f00000|100%| E|CS|TAMS 0x00000000e6e00000| PB 0x00000000e6e00000| Complete 
| 111|0x00000000e6f00000, 0x00000000e7000000, 0x00000000e7000000|100%| E|CS|TAMS 0x00000000e6f00000| PB 0x00000000e6f00000| Complete 
| 112|0x00000000e7000000, 0x00000000e7100000, 0x00000000e7100000|100%| E|CS|TAMS 0x00000000e7000000| PB 0x00000000e7000000| Complete 
| 113|0x00000000e7100000, 0x00000000e7200000, 0x00000000e7200000|100%| E|CS|TAMS 0x00000000e7100000| PB 0x00000000e7100000| Complete 
| 114|0x00000000e7200000, 0x00000000e7300000, 0x00000000e7300000|100%| E|CS|TAMS 0x00000000e7200000| PB 0x00000000e7200000| Complete 
| 115|0x00000000e7300000, 0x00000000e7400000, 0x00000000e7400000|100%| E|CS|TAMS 0x00000000e7300000| PB 0x00000000e7300000| Complete 
| 116|0x00000000e7400000, 0x00000000e7500000, 0x00000000e7500000|100%| E|CS|TAMS 0x00000000e7400000| PB 0x00000000e7400000| Complete 
| 117|0x00000000e7500000, 0x00000000e7600000, 0x00000000e7600000|100%| E|  |TAMS 0x00000000e7500000| PB 0x00000000e7500000| Complete 
| 118|0x00000000e7600000, 0x00000000e7700000, 0x00000000e7700000|100%| E|CS|TAMS 0x00000000e7600000| PB 0x00000000e7600000| Complete 
| 119|0x00000000e7700000, 0x00000000e7800000, 0x00000000e7800000|100%| E|CS|TAMS 0x00000000e7700000| PB 0x00000000e7700000| Complete 
| 120|0x00000000e7800000, 0x00000000e7900000, 0x00000000e7900000|100%| E|CS|TAMS 0x00000000e7800000| PB 0x00000000e7800000| Complete 
| 121|0x00000000e7900000, 0x00000000e7a00000, 0x00000000e7a00000|100%| E|CS|TAMS 0x00000000e7900000| PB 0x00000000e7900000| Complete 
| 122|0x00000000e7a00000, 0x00000000e7b00000, 0x00000000e7b00000|100%| E|CS|TAMS 0x00000000e7a00000| PB 0x00000000e7a00000| Complete 
| 123|0x00000000e7b00000, 0x00000000e7c00000, 0x00000000e7c00000|100%| E|CS|TAMS 0x00000000e7b00000| PB 0x00000000e7b00000| Complete 
| 124|0x00000000e7c00000, 0x00000000e7d00000, 0x00000000e7d00000|100%| E|CS|TAMS 0x00000000e7c00000| PB 0x00000000e7c00000| Complete 
| 125|0x00000000e7d00000, 0x00000000e7e00000, 0x00000000e7e00000|100%| E|CS|TAMS 0x00000000e7d00000| PB 0x00000000e7d00000| Complete 

Card table byte_map: [0x000001add9080000,0x000001add9180000] _byte_map_base: 0x000001add8980000

Marking Bits: (CMBitMap*) 0x000001adbf578fc0
 Bits: [0x000001add9180000, 0x000001add9980000)

Polling page: 0x000001adbf3c0000

Metaspace:

Usage:
  Non-class:     26.40 MB used.
      Class:      3.65 MB used.
       Both:     30.05 MB used.

Virtual space:
  Non-class space:       64.00 MB reserved,      26.69 MB ( 42%) committed,  1 nodes.
      Class space:        1.00 GB reserved,       3.88 MB ( <1%) committed,  1 nodes.
             Both:        1.06 GB reserved,      30.56 MB (  3%) committed. 

Chunk freelists:
   Non-Class:  5.09 MB
       Class:  12.09 MB
        Both:  17.19 MB

MaxMetaspaceSize: unlimited
CompressedClassSpaceSize: 1.00 GB
Initial GC threshold: 21.00 MB
Current GC threshold: 35.31 MB
CDS: on
 - commit_granule_bytes: 65536.
 - commit_granule_words: 8192.
 - virtual_space_node_default_size: 8388608.
 - enlarge_chunks_in_place: 1.
 - use_allocation_guard: 0.


Internal statistics:

num_allocs_failed_limit: 3.
num_arena_births: 548.
num_arena_deaths: 2.
num_vsnodes_births: 2.
num_vsnodes_deaths: 0.
num_space_committed: 489.
num_space_uncommitted: 0.
num_chunks_returned_to_freelist: 5.
num_chunks_taken_from_freelist: 1493.
num_chunk_merges: 3.
num_chunk_splits: 991.
num_chunks_enlarged: 694.
num_inconsistent_stats: 0.

CodeHeap 'non-profiled nmethods': size=120000Kb used=2417Kb max_used=2417Kb free=117582Kb
 bounds [0x000001add0ff0000, 0x000001add1260000, 0x000001add8520000]
CodeHeap 'profiled nmethods': size=120000Kb used=9017Kb max_used=9017Kb free=110982Kb
 bounds [0x000001adc9520000, 0x000001adc9df0000, 0x000001add0a50000]
CodeHeap 'non-nmethods': size=5760Kb used=1615Kb max_used=1657Kb free=4144Kb
 bounds [0x000001add0a50000, 0x000001add0cc0000, 0x000001add0ff0000]
CodeCache: size=245760Kb, used=13049Kb, max_used=13091Kb, free=232708Kb
 total_blobs=4771, nmethods=4149, adapters=525, full_count=0
Compilation: enabled, stopped_count=0, restarted_count=0

Compilation events (20 events):
Event: 36.931 Thread 0x000001addc3a7ee0 4132       3       java.io.ObjectOutputStream$BlockDataOutputStream::getUTFLength (124 bytes)
Event: 36.931 Thread 0x000001addc3a7ee0 nmethod 4132 0x000001adc9de3410 code [0x000001adc9de3600, 0x000001adc9de3ba8]
Event: 36.931 Thread 0x000001addc3a7ee0 4134       3       org.aspectj.weaver.bcel.BcelClassWeaver::initializeSuperInitializerMap (64 bytes)
Event: 36.932 Thread 0x000001addc3a7ee0 nmethod 4134 0x000001adc9de3e10 code [0x000001adc9de4000, 0x000001adc9de44f0]
Event: 36.932 Thread 0x000001addc3a7ee0 4130       3       java.io.ObjectOutputStream$BlockDataOutputStream::writeByte (33 bytes)
Event: 36.932 Thread 0x000001addc3a7ee0 nmethod 4130 0x000001adc9de4710 code [0x000001adc9de48c0, 0x000001adc9de4a80]
Event: 36.932 Thread 0x000001addc3a7ee0 4133       1       java.util.AbstractMap$SimpleImmutableEntry::getValue (5 bytes)
Event: 36.932 Thread 0x000001addc3a7ee0 nmethod 4133 0x000001add124a990 code [0x000001add124ab20, 0x000001add124abe8]
Event: 36.962 Thread 0x000001addc3a7ee0 4137       1       org.aspectj.weaver.UnresolvedTypeVariableReferenceType::isTypeVariableReference (2 bytes)
Event: 36.962 Thread 0x000001addc3a7ee0 nmethod 4137 0x000001add124af90 code [0x000001add124b120, 0x000001add124b1e8]
Event: 36.962 Thread 0x000001addc3a7ee0 4138       1       org.aspectj.weaver.World::getTypeVariableLookupScope (5 bytes)
Event: 36.962 Thread 0x000001addc3a7ee0 nmethod 4138 0x000001add124b290 code [0x000001add124b420, 0x000001add124b4e8]
Event: 36.964 Thread 0x000001addc3a7ee0 4139       3       java.util.concurrent.locks.ReentrantLock::tryLock (8 bytes)
Event: 36.964 Thread 0x000001addc3a7ee0 nmethod 4139 0x000001adc9de4b90 code [0x000001adc9de4d40, 0x000001adc9de4e88]
Event: 36.964 Thread 0x000001addc3a7ee0 4140       3       java.util.concurrent.locks.ReentrantLock$Sync::tryLock (63 bytes)
Event: 36.965 Thread 0x000001addc3a7ee0 nmethod 4140 0x000001adc9de4f90 code [0x000001adc9de5180, 0x000001adc9de5598]
Event: 36.979 Thread 0x000001addc3a7ee0 4144       3       org.aspectj.weaver.bcel.BcelGenericSignatureToTypeXConverter::typeVariableSignature2TypeX (155 bytes)
Event: 36.981 Thread 0x000001addc3a7ee0 nmethod 4144 0x000001adc9de5690 code [0x000001adc9de5ac0, 0x000001adc9de7620]
Event: 36.981 Thread 0x000001addc3a7ee0 4145       3       org.aspectj.weaver.UnresolvedType::getRawType (8 bytes)
Event: 36.981 Thread 0x000001addc3a7ee0 nmethod 4145 0x000001adc9de8090 code [0x000001adc9de8240, 0x000001adc9de8440]

GC Heap History (14 events):
Event: 0.686 GC heap before
{Heap before GC invocations=0 (full 0):
 garbage-first heap   total 129024K, used 23552K [0x00000000e0000000, 0x0000000100000000)
  region size 1024K, 23 young (23552K), 0 survivors (0K)
 Metaspace       used 6590K, committed 6784K, reserved 1114112K
  class space    used 610K, committed 704K, reserved 1048576K
}
Event: 0.692 GC heap after
{Heap after GC invocations=1 (full 0):
 garbage-first heap   total 129024K, used 5781K [0x00000000e0000000, 0x0000000100000000)
  region size 1024K, 3 young (3072K), 3 survivors (3072K)
 Metaspace       used 6590K, committed 6784K, reserved 1114112K
  class space    used 610K, committed 704K, reserved 1048576K
}
Event: 1.485 GC heap before
{Heap before GC invocations=1 (full 0):
 garbage-first heap   total 129024K, used 36501K [0x00000000e0000000, 0x0000000100000000)
  region size 1024K, 34 young (34816K), 3 survivors (3072K)
 Metaspace       used 11960K, committed 12160K, reserved 1114112K
  class space    used 1308K, committed 1408K, reserved 1048576K
}
Event: 1.495 GC heap after
{Heap after GC invocations=2 (full 0):
 garbage-first heap   total 129024K, used 15249K [0x00000000e0000000, 0x0000000100000000)
  region size 1024K, 5 young (5120K), 5 survivors (5120K)
 Metaspace       used 11960K, committed 12160K, reserved 1114112K
  class space    used 1308K, committed 1408K, reserved 1048576K
}
Event: 1.952 GC heap before
{Heap before GC invocations=2 (full 0):
 garbage-first heap   total 129024K, used 66449K [0x00000000e0000000, 0x0000000100000000)
  region size 1024K, 55 young (56320K), 5 survivors (5120K)
 Metaspace       used 14624K, committed 14848K, reserved 1114112K
  class space    used 1510K, committed 1600K, reserved 1048576K
}
Event: 1.961 GC heap after
{Heap after GC invocations=3 (full 0):
 garbage-first heap   total 129024K, used 26624K [0x00000000e0000000, 0x0000000100000000)
  region size 1024K, 7 young (7168K), 7 survivors (7168K)
 Metaspace       used 14624K, committed 14848K, reserved 1114112K
  class space    used 1510K, committed 1600K, reserved 1048576K
}
Event: 2.446 GC heap before
{Heap before GC invocations=3 (full 0):
 garbage-first heap   total 129024K, used 77824K [0x00000000e0000000, 0x0000000100000000)
  region size 1024K, 57 young (58368K), 7 survivors (7168K)
 Metaspace       used 17246K, committed 17536K, reserved 1114112K
  class space    used 1837K, committed 1984K, reserved 1048576K
}
Event: 2.453 GC heap after
{Heap after GC invocations=4 (full 0):
 garbage-first heap   total 129024K, used 33242K [0x00000000e0000000, 0x0000000100000000)
  region size 1024K, 6 young (6144K), 6 survivors (6144K)
 Metaspace       used 17246K, committed 17536K, reserved 1114112K
  class space    used 1837K, committed 1984K, reserved 1048576K
}
Event: 3.231 GC heap before
{Heap before GC invocations=4 (full 0):
 garbage-first heap   total 129024K, used 87514K [0x00000000e0000000, 0x0000000100000000)
  region size 1024K, 59 young (60416K), 6 survivors (6144K)
 Metaspace       used 21025K, committed 21312K, reserved 1114112K
  class space    used 2444K, committed 2560K, reserved 1048576K
}
Event: 3.238 GC heap after
{Heap after GC invocations=5 (full 0):
 garbage-first heap   total 129024K, used 40070K [0x00000000e0000000, 0x0000000100000000)
  region size 1024K, 7 young (7168K), 7 survivors (7168K)
 Metaspace       used 21025K, committed 21312K, reserved 1114112K
  class space    used 2444K, committed 2560K, reserved 1048576K
}
Event: 3.264 GC heap before
{Heap before GC invocations=5 (full 0):
 garbage-first heap   total 129024K, used 41094K [0x00000000e0000000, 0x0000000100000000)
  region size 1024K, 9 young (9216K), 7 survivors (7168K)
 Metaspace       used 21215K, committed 21504K, reserved 1114112K
  class space    used 2468K, committed 2624K, reserved 1048576K
}
Event: 3.269 GC heap after
{Heap after GC invocations=6 (full 0):
 garbage-first heap   total 129024K, used 41119K [0x00000000e0000000, 0x0000000100000000)
  region size 1024K, 2 young (2048K), 2 survivors (2048K)
 Metaspace       used 21215K, committed 21504K, reserved 1114112K
  class space    used 2468K, committed 2624K, reserved 1048576K
}
Event: 36.059 GC heap before
{Heap before GC invocations=7 (full 0):
 garbage-first heap   total 129024K, used 102559K [0x00000000e0000000, 0x0000000100000000)
  region size 1024K, 62 young (63488K), 2 survivors (2048K)
 Metaspace       used 29811K, committed 30336K, reserved 1114112K
  class space    used 3594K, committed 3840K, reserved 1048576K
}
Event: 36.066 GC heap after
{Heap after GC invocations=8 (full 0):
 garbage-first heap   total 129024K, used 46015K [0x00000000e0000000, 0x0000000100000000)
  region size 1024K, 6 young (6144K), 6 survivors (6144K)
 Metaspace       used 29811K, committed 30336K, reserved 1114112K
  class space    used 3594K, committed 3840K, reserved 1048576K
}

Dll operation events (13 events):
Event: 0.010 Loaded shared library C:\Users\Admin\.jdks\ms-21.0.9\bin\java.dll
Event: 0.046 Loaded shared library C:\Users\Admin\.jdks\ms-21.0.9\bin\jsvml.dll
Event: 0.124 Loaded shared library C:\Users\Admin\.jdks\ms-21.0.9\bin\zip.dll
Event: 0.127 Loaded shared library C:\Users\Admin\.jdks\ms-21.0.9\bin\instrument.dll
Event: 0.131 Loaded shared library C:\Users\Admin\.jdks\ms-21.0.9\bin\net.dll
Event: 0.134 Loaded shared library C:\Users\Admin\.jdks\ms-21.0.9\bin\nio.dll
Event: 0.140 Loaded shared library C:\Users\Admin\.jdks\ms-21.0.9\bin\zip.dll
Event: 0.208 Loaded shared library C:\Users\Admin\.jdks\ms-21.0.9\bin\jimage.dll
Event: 0.241 Loaded shared library C:\Users\Admin\.jdks\ms-21.0.9\bin\verify.dll
Event: 0.974 Loaded shared library C:\Users\Admin\.jdks\ms-21.0.9\bin\extnet.dll
Event: 1.114 Loaded shared library C:\Users\Admin\.jdks\ms-21.0.9\bin\sunmscapi.dll
Event: 2.851 Loaded shared library C:\Users\Admin\.jdks\ms-21.0.9\bin\management.dll
Event: 2.854 Loaded shared library C:\Users\Admin\.jdks\ms-21.0.9\bin\management_ext.dll

Deoptimization events (20 events):
Event: 36.430 Thread 0x000001ae22fe6e00 DEOPT PACKING pc=0x000001add11f4838 sp=0x0000002a0d6ff0d0
Event: 36.431 Thread 0x000001ae22fe6e00 DEOPT UNPACKING pc=0x000001add0aa7ba2 sp=0x0000002a0d6ff070 mode 2
Event: 36.434 Thread 0x000001ae23c38710 DEOPT PACKING pc=0x000001adc9d14749 sp=0x0000002a0d3fbed0
Event: 36.434 Thread 0x000001ae23c38710 DEOPT UNPACKING pc=0x000001add0aa86e2 sp=0x0000002a0d3fb340 mode 0
Event: 36.698 Thread 0x000001ae23c38710 Uncommon trap: trap_request=0xffffff45 fr.pc=0x000001add123736c relative=0x0000000000000cac
Event: 36.698 Thread 0x000001ae23c38710 Uncommon trap: reason=unstable_if action=reinterpret pc=0x000001add123736c method=java.lang.Character.isSurrogate(C)Z @ 3 c2
Event: 36.698 Thread 0x000001ae23c38710 DEOPT PACKING pc=0x000001add123736c sp=0x0000002a0d3fbe90
Event: 36.698 Thread 0x000001ae23c38710 DEOPT UNPACKING pc=0x000001add0aa7ba2 sp=0x0000002a0d3fbdd0 mode 2
Event: 36.702 Thread 0x000001ae23c38710 DEOPT PACKING pc=0x000001adc9cf3e91 sp=0x0000002a0d3fb360
Event: 36.702 Thread 0x000001ae23c38710 DEOPT UNPACKING pc=0x000001add0aa86e2 sp=0x0000002a0d3fa888 mode 0
Event: 36.702 Thread 0x000001ae23c38710 Uncommon trap: trap_request=0xffffff45 fr.pc=0x000001add122ecbc relative=0x0000000000000b7c
Event: 36.702 Thread 0x000001ae23c38710 Uncommon trap: reason=unstable_if action=reinterpret pc=0x000001add122ecbc method=org.openqa.selenium.json.JsonInput.readString()Ljava/lang/String; @ 25 c2
Event: 36.702 Thread 0x000001ae23c38710 DEOPT PACKING pc=0x000001add122ecbc sp=0x0000002a0d3fb3a0
Event: 36.702 Thread 0x000001ae23c38710 DEOPT UNPACKING pc=0x000001add0aa7ba2 sp=0x0000002a0d3fb390 mode 2
Event: 36.906 Thread 0x000001ae23c38710 DEOPT PACKING pc=0x000001adc9d14749 sp=0x0000002a0d3fc3b0
Event: 36.906 Thread 0x000001ae23c38710 DEOPT UNPACKING pc=0x000001add0aa86e2 sp=0x0000002a0d3fb820 mode 0
Event: 36.925 Thread 0x000001ae23c38710 DEOPT PACKING pc=0x000001adc9d3391e sp=0x0000002a0d3f63d0
Event: 36.925 Thread 0x000001ae23c38710 DEOPT UNPACKING pc=0x000001add0aa86e2 sp=0x0000002a0d3f5990 mode 0
Event: 36.969 Thread 0x000001ae23c38710 DEOPT PACKING pc=0x000001adc9d3391e sp=0x0000002a0d3f9480
Event: 36.969 Thread 0x000001ae23c38710 DEOPT UNPACKING pc=0x000001add0aa86e2 sp=0x0000002a0d3f8a40 mode 0

Classes loaded (20 events):
Event: 36.879 Loading class java/util/concurrent/ConcurrentHashMap$EntrySpliterator
Event: 36.880 Loading class java/util/concurrent/ConcurrentHashMap$EntrySpliterator done
Event: 36.883 Loading class java/util/Collections$ReverseComparator
Event: 36.884 Loading class java/util/Collections$ReverseComparator done
Event: 36.884 Loading class java/util/Collections$ReverseComparator2
Event: 36.884 Loading class java/util/Collections$ReverseComparator2 done
Event: 36.895 Loading class java/util/AbstractList$RandomAccessSubList
Event: 36.895 Loading class java/util/AbstractList$SubList
Event: 36.895 Loading class java/util/AbstractList$SubList done
Event: 36.895 Loading class java/util/AbstractList$RandomAccessSubList done
Event: 36.895 Loading class java/util/AbstractList$SubList$1
Event: 36.896 Loading class java/util/AbstractList$SubList$1 done
Event: 36.903 Loading class java/io/ObjectOutputStream$BlockDataOutputStream
Event: 36.904 Loading class java/io/ObjectOutputStream$BlockDataOutputStream done
Event: 36.904 Loading class java/io/ObjectOutputStream$HandleTable
Event: 36.904 Loading class java/io/ObjectOutputStream$HandleTable done
Event: 36.904 Loading class java/io/ObjectOutputStream$ReplaceTable
Event: 36.905 Loading class java/io/ObjectOutputStream$ReplaceTable done
Event: 36.920 Loading class java/util/Collections$EmptyListIterator
Event: 36.921 Loading class java/util/Collections$EmptyListIterator done

Classes unloaded (1 events):
Event: 3.289 Thread 0x000001addc3748b0 Unloading class 0x000001adde00c800 'org/aspectj/mirror/AccessibleObject'

Classes redefined (0 events):
No events

Internal exceptions (20 events):
Event: 35.892 Thread 0x000001ae23c38710 Exception <a 'java/lang/ArrayIndexOutOfBoundsException'{0x00000000e479cb98}: Index 7 out of bounds for length 7> (0x00000000e479cb98) 
thrown [s\src\hotspot\share\interpreter\interpreterRuntime.cpp, line 439]
Event: 35.893 Thread 0x000001ae23c38710 Exception <a 'java/lang/ArrayIndexOutOfBoundsException'{0x00000000e479fe48}> (0x00000000e479fe48) 
thrown [s\src\hotspot\share\runtime\sharedRuntime.cpp, line 625]
Event: 35.893 Thread 0x000001ae23c38710 Exception <a 'java/lang/ArrayIndexOutOfBoundsException'{0x00000000e47a06d0}> (0x00000000e47a06d0) 
thrown [s\src\hotspot\share\runtime\sharedRuntime.cpp, line 625]
Event: 35.893 Thread 0x000001ae23c38710 Exception <a 'java/lang/ArrayIndexOutOfBoundsException'{0x00000000e47a0f58}: Index 7 out of bounds for length 7> (0x00000000e47a0f58) 
thrown [s\src\hotspot\share\interpreter\interpreterRuntime.cpp, line 439]
Event: 35.893 Thread 0x000001ae23c38710 Exception <a 'java/lang/ArrayIndexOutOfBoundsException'{0x00000000e47a4690}> (0x00000000e47a4690) 
thrown [s\src\hotspot\share\runtime\sharedRuntime.cpp, line 625]
Event: 35.893 Thread 0x000001ae23c38710 Exception <a 'java/lang/ArrayIndexOutOfBoundsException'{0x00000000e47a4f18}> (0x00000000e47a4f18) 
thrown [s\src\hotspot\share\runtime\sharedRuntime.cpp, line 625]
Event: 35.893 Thread 0x000001ae23c38710 Exception <a 'java/lang/ArrayIndexOutOfBoundsException'{0x00000000e47a57a0}: Index 7 out of bounds for length 7> (0x00000000e47a57a0) 
thrown [s\src\hotspot\share\interpreter\interpreterRuntime.cpp, line 439]
Event: 35.924 Thread 0x000001ae23c38710 Exception <a 'java/lang/NoSuchMethodError'{0x00000000e46c4478}: 'java.lang.Object java.lang.invoke.DirectMethodHandle$Holder.newInvokeSpecial(java.lang.Object, java.lang.Object, long)'> (0x00000000e46c4478) 
thrown [s\src\hotspot\share\interpreter\linkResolver.cpp, line 773]
Event: 35.925 Thread 0x000001ae23c38710 Exception <a 'java/lang/NoSuchMethodError'{0x00000000e46c8020}: 'java.lang.Object java.lang.invoke.Invokers$Holder.linkToTargetMethod(java.lang.Object, long, java.lang.Object)'> (0x00000000e46c8020) 
thrown [s\src\hotspot\share\interpreter\linkResolver.cpp, line 773]
Event: 36.066 Thread 0x000001ae23c38710 Implicit null exception at 0x000001add10e7606 to 0x000001add10e8b70
Event: 36.467 Thread 0x000001ae23c38710 Exception <a 'sun/nio/fs/WindowsException'{0x00000000e78f62e8}> (0x00000000e78f62e8) 
thrown [s\src\hotspot\share\prims\jni.cpp, line 520]
Event: 36.856 Thread 0x000001ae23c38710 Exception <a 'sun/nio/fs/WindowsException'{0x00000000e7496658}> (0x00000000e7496658) 
thrown [s\src\hotspot\share\prims\jni.cpp, line 520]
Event: 36.904 Thread 0x000001ae23c38710 Exception <a 'java/lang/IncompatibleClassChangeError'{0x00000000e721aa68}: Found class java.lang.Object, but interface was expected> (0x00000000e721aa68) 
thrown [s\src\hotspot\share\interpreter\linkResolver.cpp, line 840]
Event: 36.904 Thread 0x000001ae23c38710 Exception <a 'java/lang/IncompatibleClassChangeError'{0x00000000e721d5e0}: Found class java.lang.Object, but interface was expected> (0x00000000e721d5e0) 
thrown [s\src\hotspot\share\interpreter\linkResolver.cpp, line 840]
Event: 36.904 Thread 0x000001ae23c38710 Exception <a 'java/lang/IncompatibleClassChangeError'{0x00000000e7220198}: Found class java.lang.Object, but interface was expected> (0x00000000e7220198) 
thrown [s\src\hotspot\share\interpreter\linkResolver.cpp, line 840]
Event: 36.904 Thread 0x000001ae23c38710 Exception <a 'java/lang/IncompatibleClassChangeError'{0x00000000e7222d28}: Found class java.lang.Object, but interface was expected> (0x00000000e7222d28) 
thrown [s\src\hotspot\share\interpreter\linkResolver.cpp, line 840]
Event: 36.905 Thread 0x000001ae23c38710 Exception <a 'java/lang/IncompatibleClassChangeError'{0x00000000e72258e0}: Found class java.lang.Object, but interface was expected> (0x00000000e72258e0) 
thrown [s\src\hotspot\share\interpreter\linkResolver.cpp, line 840]
Event: 36.905 Thread 0x000001ae23c38710 Exception <a 'sun/nio/fs/WindowsException'{0x00000000e7228238}> (0x00000000e7228238) 
thrown [s\src\hotspot\share\prims\jni.cpp, line 520]
Event: 36.921 Thread 0x000001ae22a62940 Exception <a 'java/lang/NoSuchMethodError'{0x00000000e710fa18}: static [Ljava/lang/StackTraceElement;.<clinit>()V> (0x00000000e710fa18) 
thrown [s\src\hotspot\share\prims\jni.cpp, line 1111]
Event: 36.928 Thread 0x000001ae22a62940 Exception <a 'java/lang/NoSuchMethodError'{0x00000000e700b3c0}: static [B.<clinit>()V> (0x00000000e700b3c0) 
thrown [s\src\hotspot\share\prims\jni.cpp, line 1111]

ZGC Phase Switch (0 events):
No events

VM Operations (20 events):
Event: 8.638 Executing VM operation: HandshakeAllThreads (Deoptimize)
Event: 8.638 Executing VM operation: HandshakeAllThreads (Deoptimize) done
Event: 9.649 Executing VM operation: Cleanup
Event: 9.649 Executing VM operation: Cleanup done
Event: 12.686 Executing VM operation: Cleanup
Event: 12.686 Executing VM operation: Cleanup done
Event: 25.776 Executing VM operation: Cleanup
Event: 25.776 Executing VM operation: Cleanup done
Event: 33.837 Executing VM operation: Cleanup
Event: 33.837 Executing VM operation: Cleanup done
Event: 35.760 Executing VM operation: HandshakeAllThreads (Deoptimize)
Event: 35.760 Executing VM operation: HandshakeAllThreads (Deoptimize) done
Event: 35.760 Executing VM operation: Cleanup
Event: 35.760 Executing VM operation: Cleanup done
Event: 36.059 Executing VM operation: G1CollectForAllocation (G1 Evacuation Pause)
Event: 36.066 Executing VM operation: G1CollectForAllocation (G1 Evacuation Pause) done
Event: 36.191 Executing VM operation: HandshakeAllThreads (Deoptimize)
Event: 36.191 Executing VM operation: HandshakeAllThreads (Deoptimize) done
Event: 36.468 Executing VM operation: HandshakeAllThreads (Deoptimize)
Event: 36.468 Executing VM operation: HandshakeAllThreads (Deoptimize) done

Memory protections (0 events):
No events

Nmethod flushes (0 events):
No events

Events (20 events):
Event: 5.372 Thread 0x000001ae23c38710 Thread added: 0x000001ae23c24e90
Event: 5.661 Thread 0x000001ae23c38710 Thread added: 0x000001ae22fe6e00
Event: 6.629 Thread 0x000001ae23c38710 Thread added: 0x000001ae23aee010
Event: 6.632 Thread 0x000001ae23c38710 Thread added: 0x000001ae23aee670
Event: 6.633 Thread 0x000001ae23c38710 Thread added: 0x000001ae23aeecd0
Event: 6.646 Thread 0x000001ae23aee670 Thread added: 0x000001ae22048100
Event: 6.725 Thread 0x000001ae22048100 Thread added: 0x000001ae22051bf0
Event: 6.777 Thread 0x000001ae23c38710 Thread added: 0x000001ae22053630
Event: 6.782 Thread 0x000001ae23c38710 Thread added: 0x000001ae22052280
Event: 6.841 Thread 0x000001ae22fe6e00 Thread added: 0x000001ae22052910
Event: 6.842 Thread 0x000001ae22fe6e00 Thread added: 0x000001ae22052fa0
Event: 6.843 Thread 0x000001ae22fe6e00 Thread added: 0x000001ae22053cc0
Event: 8.768 Thread 0x000001ae23c38710 Thread added: 0x000001ae22050ed0
Event: 8.769 Thread 0x000001ae23c38710 Thread added: 0x000001ae22050840
Event: 8.772 Thread 0x000001ae22050ed0 Thread added: 0x000001ae22051560
Event: 8.773 Thread 0x000001ae22050ed0 Thread added: 0x000001ae22dc3410
Event: 8.773 Thread 0x000001ae22050ed0 Thread added: 0x000001ae22dc3aa0
Event: 8.829 Thread 0x000001ae22050840 Thread added: 0x000001ae22dc4130
Event: 9.042 Thread 0x000001ae23c38710 Thread added: 0x000001ae22dc1340
Event: 16.750 Thread 0x000001ae22051bf0 Thread exited: 0x000001ae22051bf0


Dynamic libraries:
0x00007ff72fc30000 - 0x00007ff72fc3e000 	C:\Users\Admin\.jdks\ms-21.0.9\bin\java.exe
0x00007ffec5a50000 - 0x00007ffec5c48000 	C:\Windows\SYSTEM32\ntdll.dll
0x00007ffec4f50000 - 0x00007ffec5012000 	C:\Windows\System32\KERNEL32.DLL
0x00007ffec3510000 - 0x00007ffec3806000 	C:\Windows\System32\KERNELBASE.dll
0x00007ffec31b0000 - 0x00007ffec32b0000 	C:\Windows\System32\ucrtbase.dll
0x00007ffeac0c0000 - 0x00007ffeac0de000 	C:\Users\Admin\.jdks\ms-21.0.9\bin\VCRUNTIME140.dll
0x00007ffeb5fc0000 - 0x00007ffeb5fd8000 	C:\Users\Admin\.jdks\ms-21.0.9\bin\jli.dll
0x00007ffec3a70000 - 0x00007ffec3c11000 	C:\Windows\System32\USER32.dll
0x00007ffec3180000 - 0x00007ffec31a2000 	C:\Windows\System32\win32u.dll
0x00007ffeaa530000 - 0x00007ffeaa7cb000 	C:\Windows\WinSxS\amd64_microsoft.windows.common-controls_6595b64144ccf1df_6.0.19041.6456_none_60b8a6cb71f64256\COMCTL32.dll
0x00007ffec5530000 - 0x00007ffec555b000 	C:\Windows\System32\GDI32.dll
0x00007ffec4500000 - 0x00007ffec459e000 	C:\Windows\System32\msvcrt.dll
0x00007ffec32b0000 - 0x00007ffec33c9000 	C:\Windows\System32\gdi32full.dll
0x00007ffec30e0000 - 0x00007ffec317d000 	C:\Windows\System32\msvcp_win.dll
0x00007ffec5560000 - 0x00007ffec558f000 	C:\Windows\System32\IMM32.DLL
0x00007ffebf1d0000 - 0x00007ffebf1dc000 	C:\Users\Admin\.jdks\ms-21.0.9\bin\vcruntime140_1.dll
0x00007ffe8ef90000 - 0x00007ffe8f019000 	C:\Users\Admin\.jdks\ms-21.0.9\bin\msvcp140.dll
0x00007ffe64440000 - 0x00007ffe651ed000 	C:\Users\Admin\.jdks\ms-21.0.9\bin\server\jvm.dll
0x00007ffec3cd0000 - 0x00007ffec3d81000 	C:\Windows\System32\ADVAPI32.dll
0x00007ffec45a0000 - 0x00007ffec463f000 	C:\Windows\System32\sechost.dll
0x00007ffec5190000 - 0x00007ffec52b0000 	C:\Windows\System32\RPCRT4.dll
0x00007ffec39f0000 - 0x00007ffec3a17000 	C:\Windows\System32\bcrypt.dll
0x00007ffec48c0000 - 0x00007ffec492b000 	C:\Windows\System32\WS2_32.dll
0x00007ffec2630000 - 0x00007ffec267b000 	C:\Windows\SYSTEM32\POWRPROF.dll
0x00007ffeb6010000 - 0x00007ffeb6037000 	C:\Windows\SYSTEM32\WINMM.dll
0x00007ffebe690000 - 0x00007ffebe69a000 	C:\Windows\SYSTEM32\VERSION.dll
0x00007ffec24a0000 - 0x00007ffec24b2000 	C:\Windows\SYSTEM32\UMPDC.dll
0x00007ffec18b0000 - 0x00007ffec18c2000 	C:\Windows\SYSTEM32\kernel.appcore.dll
0x00007ffeb60a0000 - 0x00007ffeb60aa000 	C:\Users\Admin\.jdks\ms-21.0.9\bin\jimage.dll
0x00007ffec0dd0000 - 0x00007ffec0fd1000 	C:\Windows\SYSTEM32\DBGHELP.DLL
0x00007ffea7c80000 - 0x00007ffea7cb4000 	C:\Windows\SYSTEM32\dbgcore.DLL
0x00007ffec3480000 - 0x00007ffec3502000 	C:\Windows\System32\bcryptPrimitives.dll
0x00007ffeae890000 - 0x00007ffeae8a0000 	C:\Users\Admin\.jdks\ms-21.0.9\bin\instrument.dll
0x00007ffeabc60000 - 0x00007ffeabc81000 	C:\Users\Admin\.jdks\ms-21.0.9\bin\java.dll
0x00007ffec3d90000 - 0x00007ffec4500000 	C:\Windows\System32\SHELL32.dll
0x00007ffec10f0000 - 0x00007ffec1895000 	C:\Windows\SYSTEM32\windows.storage.dll
0x00007ffec56b0000 - 0x00007ffec5a04000 	C:\Windows\System32\combase.dll
0x00007ffec2a30000 - 0x00007ffec2a5b000 	C:\Windows\SYSTEM32\Wldp.dll
0x00007ffec4790000 - 0x00007ffec485d000 	C:\Windows\System32\OLEAUT32.dll
0x00007ffec4660000 - 0x00007ffec470d000 	C:\Windows\System32\SHCORE.dll
0x00007ffec5400000 - 0x00007ffec545b000 	C:\Windows\System32\shlwapi.dll
0x00007ffec3010000 - 0x00007ffec3034000 	C:\Windows\SYSTEM32\profapi.dll
0x00007ffe8ce80000 - 0x00007ffe8cf56000 	C:\Users\Admin\.jdks\ms-21.0.9\bin\jsvml.dll
0x00007ffeab260000 - 0x00007ffeab278000 	C:\Users\Admin\.jdks\ms-21.0.9\bin\zip.dll
0x00007ffeaa470000 - 0x00007ffeaa481000 	C:\Users\Admin\.jdks\ms-21.0.9\bin\net.dll
0x00007ffebb650000 - 0x00007ffebb75a000 	C:\Windows\SYSTEM32\WINHTTP.dll
0x00007ffec2810000 - 0x00007ffec287a000 	C:\Windows\system32\mswsock.dll
0x00007ffea9e30000 - 0x00007ffea9e46000 	C:\Users\Admin\.jdks\ms-21.0.9\bin\nio.dll
0x00007ffeaddd0000 - 0x00007ffeadde0000 	C:\Users\Admin\.jdks\ms-21.0.9\bin\verify.dll
0x00007ffeabc50000 - 0x00007ffeabc59000 	C:\Users\Admin\.jdks\ms-21.0.9\bin\extnet.dll
0x00007ffeabbf0000 - 0x00007ffeabbfe000 	C:\Users\Admin\.jdks\ms-21.0.9\bin\sunmscapi.dll
0x00007ffec3810000 - 0x00007ffec396d000 	C:\Windows\System32\CRYPT32.dll
0x00007ffec2b80000 - 0x00007ffec2ba7000 	C:\Windows\SYSTEM32\ncrypt.dll
0x00007ffec2b40000 - 0x00007ffec2b7b000 	C:\Windows\SYSTEM32\NTASN1.dll
0x00007ffeb9a90000 - 0x00007ffeb9a97000 	C:\Windows\system32\wshunix.dll
0x00007ffec2a70000 - 0x00007ffec2a88000 	C:\Windows\SYSTEM32\CRYPTSP.dll
0x00007ffec20e0000 - 0x00007ffec2118000 	C:\Windows\system32\rsaenh.dll
0x00007ffec2f90000 - 0x00007ffec2fbe000 	C:\Windows\SYSTEM32\USERENV.dll
0x00007ffec29a0000 - 0x00007ffec29ac000 	C:\Windows\SYSTEM32\CRYPTBASE.dll
0x00007ffec24c0000 - 0x00007ffec24fb000 	C:\Windows\SYSTEM32\IPHLPAPI.DLL
0x00007ffec54c0000 - 0x00007ffec54c8000 	C:\Windows\System32\NSI.dll
0x00007ffe9df90000 - 0x00007ffe9dfa7000 	C:\Windows\system32\napinsp.dll
0x00007ffe9df70000 - 0x00007ffe9df8b000 	C:\Windows\system32\pnrpnsp.dll
0x00007ffebf750000 - 0x00007ffebf76d000 	C:\Windows\system32\wshbth.dll
0x00007ffebca40000 - 0x00007ffebca5d000 	C:\Windows\system32\NLAapi.dll
0x00007ffec2500000 - 0x00007ffec25ca000 	C:\Windows\SYSTEM32\DNSAPI.dll
0x00007ffe9df50000 - 0x00007ffe9df62000 	C:\Windows\System32\winrnr.dll
0x00007ffeb6dd0000 - 0x00007ffeb6dda000 	C:\Windows\System32\rasadhlp.dll
0x00007ffeb6de0000 - 0x00007ffeb6e60000 	C:\Windows\System32\fwpuclnt.dll
0x00007ffeac050000 - 0x00007ffeac05a000 	C:\Users\Admin\.jdks\ms-21.0.9\bin\management.dll
0x00007ffeabfd0000 - 0x00007ffeabfdc000 	C:\Users\Admin\.jdks\ms-21.0.9\bin\management_ext.dll
0x00007ffec53f0000 - 0x00007ffec53f8000 	C:\Windows\System32\PSAPI.DLL

JVMTI agents:
C:\IDEA_1\Settings\caches\modules-2\files-2.1\org.aspectj\aspectjweaver\1.9.22.1\bca243d0af0db4758fbae45c5f4995cb5dabb612\aspectjweaver-1.9.22.1.jar path:C:\Users\Admin\.jdks\ms-21.0.9\bin\instrument.dll, loaded, initialized, instrumentlib options:none

dbghelp: loaded successfully - version: 4.0.5 - missing functions: none
symbol engine: initialized successfully - sym options: 0x614 - pdb path: .;C:\Users\Admin\.jdks\ms-21.0.9\bin;C:\Windows\SYSTEM32;C:\Windows\WinSxS\amd64_microsoft.windows.common-controls_6595b64144ccf1df_6.0.19041.6456_none_60b8a6cb71f64256;C:\Users\Admin\.jdks\ms-21.0.9\bin\server

VM Arguments:
jvm_args: -Dallure.results.directory=C:\IDEA_1\at-java-web-v01\build\allure-results -Djunit.jupiter.execution.parallel.config.fixed.parallelism=2 -Djunit.jupiter.execution.parallel.config.strategy=fixed -Djunit.jupiter.execution.parallel.enabled=true -Djunit.jupiter.execution.parallel.mode.default=concurrent -Djunit.jupiter.extensions.autodetection.enabled=true -Dorg.gradle.internal.worker.tmpdir=C:\IDEA_1\at-java-web-v01\build\tmp\test\work -javaagent:C:\IDEA_1\Settings\caches\modules-2\files-2.1\org.aspectj\aspectjweaver\1.9.22.1\bca243d0af0db4758fbae45c5f4995cb5dabb612\aspectjweaver-1.9.22.1.jar -Xmx512m -Dfile.encoding=UTF-8 -Duser.country=RU -Duser.language=ru -Duser.variant -ea 
java_command: worker.org.gradle.process.internal.worker.GradleWorkerMain 'Gradle Test Executor 1'
java_class_path (initial): C:\\IDEA_1\\Settings\\caches\\8.14\\workerMain\\gradle-worker.jar;C:\\IDEA_1\\at-java-web-v01\\build\\classes\\java\\test;C:\\IDEA_1\\at-java-web-v01\\build\\resources\\test;C:\\IDEA_1\\Settings\\caches\\modules-2\\files-2.1\\org.junit.jupiter\\junit-jupiter-engine\\5.11.4\\dc10ec209623986a68ea07f67cdc7d2a65a60355\\junit-jupiter-engine-5.11.4.jar;C:\\IDEA_1\\Settings\\caches\\modules-2\\files-2.1\\org.junit.jupiter\\junit-jupiter-params\\5.11.4\\e4c86fbe2a39c60c6b87260ef7f7e7c1a1906481\\junit-jupiter-params-5.11.4.jar;C:\\IDEA_1\\Settings\\caches\\modules-2\\files-2.1\\io.qameta.allure\\allure-junit5\\2.29.0\\68b8307150b9da7f5f61f6b80736f39e6d453574\\allure-junit5-2.29.0.jar;C:\\IDEA_1\\Settings\\caches\\modules-2\\files-2.1\\io.qameta.allure\\allure-junit-platform\\2.29.0\\8e6c5904d1c078f47269ee4968825263133e265b\\allure-junit-platform-2.29.0.jar;C:\\IDEA_1\\Settings\\caches\\modules-2\\files-2.1\\org.junit.jupiter\\junit-jupiter-api\\5.11.4\\308315b28e667db4091b2ba1f7aa220d1ddadb97\\junit-jupiter-api-5.11.4.jar;C:\\IDEA_1\\Settings\\caches\\modules-2\\files-2.1\\org.junit.platform\\junit-platform-launcher\\1.11.4\\3d83c201899d8c5e74e1a5d628eab900342a0e48\\junit-platform-launcher-1.11.4.jar;C:\\IDEA_1\\Settings\\caches\\modules-2\\files-2.1\\org.junit.platform\\junit-platform-engine\\1.11.4\\21f61b123ad6ac8f7e73971bff3a096c8d8e1cd0\\junit-platform-engine-1.11.4.jar;C:\\IDEA_1\\Settings\\caches\\modules-2\\files-2.1\\org.junit.platform\\junit-platform-commons\\1.11.4\\8898eea3ed0da2641548d602c3e308804f166303\\junit-platform-commons-1.11.4.jar;C:\\IDEA_1\\Settings\\caches\\modules-2\\files-2.1\\org.junit.jupiter\\junit-jupiter\\5.11.4\\a699f024a4a4706b36bddbeb42d499aff9e09379\\junit-jupiter-5.11.4.jar;C:\\IDEA_1\\Settings\\caches\\modules-2\\files-2.1\\com.codeborne\\selenide\\7.7.3\\8d5958ecc532c5b17983e6be7568ebb445ff246a\\selenide-7.7.3.jar;C:\\IDEA_1\\Settings\\caches\\modules-2\\files-2.1\\io.qameta.allure\\allure-selenide\\2.29.0\\a986d9e88d97c2d3d3e48fae69f91e348a2e372f\\allure-selenide-2.29.0.jar;C:\\IDEA_1\\Settings\\caches\\modules-2\\files-2.1\\org.slf4j\\slf4j-simple\\2.0.12\\5fb15030fb6158ef4f63ce4f889f72f4259a7bc3\\slf4j-simple-2.0.12.jar;C:\\IDEA_1\\Settings\\caches\\modules-2\\files-2.1\\com.codeborne\\selenide-core\\7.7.3\\cdc2ade0884df10b646e53f9a19224a89574f73a\\selenide-core-7.7.3.jar;C:\\IDEA_1\\Settings\\caches\\modules-2\\files-2.1\\org.seleniumhq.selenium\\selenium-java\\4.29.0\\2cc38c8dbef9d6e8774f05c2d2e8088180858ed4\\selenium-java-4.29.0.jar;C:\\IDEA_1\\Settings\\caches\\modules-2\\files-2.1\\org.seleniumhq.selenium\\selenium-chrome-driver\\4.29.0\\b88cebcf7333d13be0ac5d9ca140ff9fc99b1f8e\\selenium-chrome-driver-4.29.0.jar;C:\\IDEA_1\\Settings\\caches\\modules-2\\files-2.1\\org.seleniumhq.selenium\\selenium-devtools-v131\\4.29.0\\9071645ff0b06bd25bb6aeafa31eeda8e0e524b8\\selenium-devtools-v131-4.29.0.jar;C:\\IDEA_1\\Settings\\caches\\modules-2\\files-2.1\\org.seleniumhq.selenium\\selenium-devtools-v132\\4.29.0\\93cafcd500b82cae6d05cf002bdcad9cb296926b\\selenium-devtools-v132-4.29.0.jar;C:\\IDEA_1\\Settings\\caches\\modules-2\\files-2.1\\org.seleniumhq.selenium\\selenium-devtools-v133\\4.29.0\\8074d99433372b81d7ce78d69d61869c27802486\\selenium-devtools-v133-4.29.0.jar;C:\\IDEA_1\\Settings\\caches\\modules-2\\files-2.1\\org.seleniumhq.selenium\\selenium-devtools-v85\\4.29.0\\786a93d6de154df7c02afc77888a14b5b9068a51\\selenium-devtools-v85-4.29.0.jar;C:\\IDEA_1\\Settings\\caches\\modules-2\\files-2.1\\org.seleniumhq.selenium\\selenium-edge-driver\\4.29.0\\a332f0a9452efe144ee8d79816f9e19fe39e58b4\\selenium-edge-driver-4.29.0.jar;C:\\IDEA_1\\Settings\\caches\\modules-2\\files-2.1\\org.seleniumhq.selenium\\selenium-firefox-driver\\4.29.0\\84fd20244c819e3c43a6a60b91491f2fac67cbc1\\selenium-firefox-driver-4.29.0.jar;C:\\IDEA_1\\Settings\\caches\\modules-2\\files-2.1\\org.seleniumhq.selenium\\selenium-ie-driver\\4.29.0\\6191ff21cdfe40cb0f465f47fa73a121bbef00de\\selenium-ie-driver-4.29.0.jar;C:\\IDEA_1\\Settings\\caches\\modules-2\\files-2.1\\org.seleniumhq.selenium\\selenium-safari-driver\\4.29.0\\e2af27470b441fb8f46f3b0ef1608cf825b2c996\\selenium-safari-driver-4.29.0.jar;C:\\IDEA_1\\Settings\\caches\\modules-2\\files-2.1\\org.seleniumhq.selenium\\selenium-support\\4.29.0\\c1145dd6c8e1a5afd054affceab1249c05371b52\\selenium-support-4.29.0.jar;C:\\IDEA_1\\Settings\\caches\\modules-2\\files-2.1\\org.seleniumhq.selenium\\selenium-chromium-driver\\4.29.0\\e792bead1460f1239bdf8ad319f8e3ca44fddf04\\selenium-chromium-driver-4.29.0.jar;C:\\IDEA_1\\Settings\\caches\\modules-2\\files-2.1\\org.seleniumhq.selenium\\selenium-remote-driver\\4.29.0\\93a4b68a316657976882b4aa3745bf15c0be6c0\\selenium-remote-driver-4.29.0.jar;C:\\IDEA_1\\Settings\\caches\\modules-2\\files-2.1\\org.seleniumhq.selenium\\selenium-manager\\4.29.0\\1e1800e980690f6642a3b9f705302f03fd070374\\selenium-manager-4.29.0.jar;C:\\IDEA_1\\Settings\\caches\\modules-2\\files-2.1\\org.seleniumhq.selenium\\selenium-http\\4.29.0\\bfdb9d7a4a5686aef2ca1e1357437533c5305bf4\\selenium-http-4.29.0.jar;C:\\IDEA_1\\Settings\\caches\\modules-2\\files-2.1\\org.seleniumhq.selenium\\selenium-json\\4.29.0\\29358392fe46e47a9b12411cb8ab4376af1d0f68\\selenium-json-4.29.0.jar;C:\\IDEA_1\\Settings\\caches\\modules-2\\files-2.1\\org.seleniumhq.selenium\\selenium-os\\4.29.0\\2e7ab2c1b46c9002de68078fae3bbba8aeefb9e9\\selenium-os-4.29.0.jar;C:\\IDEA_1\\Settings\\caches\\modules-2\\files-2.1\\org.seleniumhq.selenium\\selenium-api\\4.29.0\\a158a3d0aa2eb47270c0add15f6278891bfe390d\\selenium-api-4.29.0.jar;C:\\IDEA_1\\Settings\\caches\\modules-2\\files-2.1\\org.jspecify\\jspecify\\1.0.0\\7425a601c1c7ec76645a78d22b8c6a627edee507\\jspecify-1.0.0.jar;C:\\IDEA_1\\Settings\\caches\\modules-2\\files-2.1\\com.google.guava\\guava\\33.4.0-jre\\3fcc0a259f724c7de54a6a55ea7e26d3d5c0cac\\guava-33.4.0-jre.jar;C:\\IDEA_1\\Settings\\caches\\modules-2\\files-2.1\\com.google.errorprone\\error_prone_annotations\\2.36.0\\227d4d4957ccc3dc5761bd897e3a0ee587e750a7\\error_prone_annotations-2.36.0.jar;C:\\IDEA_1\\Settings\\caches\\modules-2\\files-2.1\\org.apache.commons\\commons-lang3\\3.17.0\\b17d2136f0460dcc0d2016ceefca8723bdf4ee70\\commons-lang3-3.17.0.jar;C:\\IDEA_1\\Settings\\caches\\modules-2\\files-2.1\\commons-io\\commons-io\\2.18.0\\44084ef756763795b31c578403dd028ff4a22950\\commons-io-2.18.0.jar;C:\\IDEA_1\\Settings\\caches\\modules-2\\files-2.1\\io.qameta.allure\\allure-test-filter\\2.29.0\\7de6b2c0271f8f67c743cdeabf6129a5cc385f1d\\allure-test-filter-2.29.0.jar;C:\\IDEA_1\\Settings\\caches\\modules-2\\files-2.1\\io.qameta.allure\\allure-java-commons\\2.29.0\\f3ef14fd3e84e3f2c30a150bf8fd6b54372ba6d0\\allure-java-commons-2.29.0.jar;C:\\IDEA_1\\Settings\\caches\\modules-2\\files-2.1\\org.apache.httpcomponents.client5\\httpclient5\\5.4.2\\d6a4248833d6d3d0e8ca318cd342826585bc1805\\httpclient5-5.4.2.jar;C:\\IDEA_1\\Settings\\caches\\modules-2\\files-2.1\\org.slf4j\\slf4j-api\\2.0.16\\172931663a09a1fa515567af5fbef00897d3c04\\slf4j-api-2.0.16.jar;C:\\IDEA_1\\Settings\\caches\\modules-2\\files-2.1\\org.opentest4j\\opentest4j\\1.3.0\\152ea56b3a72f655d4fd677fc0ef2596c3dd5e6e\\opentest4j-1.3.0.jar;C:\\IDEA_1\\Settings\\caches\\modules-2\\files-2.1\\com.google.guava\\failureaccess\\1.0.2\\c4a06a64e650562f30b7bf9aaec1bfed43aca12b\\failureaccess-1.0.2.jar;C:\\IDEA_1\\Settings\\caches\\modules-2\\files-2.1\\com.google.guava\\listenablefuture\\9999.0-empty-to-avoid-conflict-with-guava\\b421526c5f297295adef1c886e5246c39d4ac629\\listenablefuture-9999.0-empty-to-avoid-conflict-with-guava.jar;C:\\IDEA_1\\Settings\\caches\\modules-2\\files-2.1\\org.checkerframework\\checker-qual\\3.43.0\\9425eee39e56b116d2b998b7c2cebcbd11a3c98b\\checker-qual-3.43.0.jar;C:\\IDEA_1\\Settings\\caches\\modules-2\\files-2.1\\com.google.j2objc\\j2objc-annotations\\3.0.0\\7399e65dd7e9ff3404f4535b2f017093bdb134c7\\j2objc-annotations-3.0.0.jar;C:\\IDEA_1\\Settings\\caches\\modules-2\\files-2.1\\com.github.valfirst.browserup-proxy\\browserup-proxy-core\\3.1.2\\b392a03ee19d0f920436bb997fa8ea347dfb73a6\\browserup-proxy-core-3.1.2.jar;C:\\IDEA_1\\Settings\\caches\\modules-2\\files-2.1\\io.qameta.allure\\allure-model\\2.29.0\\9c3cee5f8a5b9448a647610111a61046604054b9\\allure-model-2.29.0.jar;C:\\IDEA_1\\Settings\\caches\\modules-2\\files-2.1\\com.google.auto.service\\auto-service-annotations\\1.1.1\\da12a15cd058ba90a0ff55357fb521161af4736d\\auto-service-annotations-1.1.1.jar;C:\\IDEA_1\\Settings\\caches\\modules-2\\files-2.1\\io.opentelemetry.semconv\\opentelemetry-semconv\\1.28.0-alpha\\90d4d4dc28153eed4af75759b610a1bf81b77b75\\opentelemetry-semconv-1.28.0-alpha.jar;C:\\IDEA_1\\Settings\\caches\\modules-2\\files-2.1\\io.opentelemetry\\opentelemetry-exporter-logging\\1.46.0\\a0ef76a383a086b812395ca5a5cdf94804a59a3f\\opentelemetry-exporter-logging-1.46.0.jar;C:\\IDEA_1\\Settings\\caches\\modules-2\\files-2.1\\io.opentelemetry\\opentelemetry-sdk-extension-autoconfigure\\1.46.0\\6b2e0222c1130da6005677394fe957e75a97d8f3\\opentelemetry-sdk-extension-autoconfigure-1.46.0.jar;C:\\IDEA_1\\Settings\\caches\\modules-2\\files-2.1\\io.opentelemetry\\opentelemetry-sdk-extension-autoconfigure-spi\\1.46.0\\eb2081c3e8a3e73cab3c0c47ad8fb59e39216dc5\\opentelemetry-sdk-extension-autoconfigure-spi-1.46.0.jar;C:\\IDEA_1\\Settings\\caches\\modules-2\\files-2.1\\io.opentelemetry\\opentelemetry-sdk\\1.46.0\\b3a77fff1084177c4f5099bbb7db6181d6efd752\\opentelemetry-sdk-1.46.0.jar;C:\\IDEA_1\\Settings\\caches\\modules-2\\files-2.1\\io.opentelemetry\\opentelemetry-sdk-trace\\1.46.0\\c6e39faabf0741780189861156d0a7763e942796\\opentelemetry-sdk-trace-1.46.0.jar;C:\\IDEA_1\\Settings\\caches\\modules-2\\files-2.1\\io.opentelemetry\\opentelemetry-sdk-metrics\\1.46.0\\475d900ffd0567a7ddf2452290b2e5d51ac35c58\\opentelemetry-sdk-metrics-1.46.0.jar;C:\\IDEA_1\\Settings\\caches\\modules-2\\files-2.1\\io.opentelemetry\\opentelemetry-sdk-logs\\1.46.0\\1bd9bb4f3ce9ac573613b353a78d51491cd02bbd\\opentelemetry-sdk-logs-1.46.0.jar;C:\\IDEA_1\\Settings\\caches\\modules-2\\files-2.1\\io.opentelemetry\\opentelemetry-sdk-common\\1.46.0\\1d353ee4e980ff77c742350fc7000b732b6c6b3f\\opentelemetry-sdk-common-1.46.0.jar;C:\\IDEA_1\\Settings\\caches\\modules-2\\files-2.1\\io.opentelemetry\\opentelemetry-api-incubator\\1.46.0-alpha\\1a708444d2818ac1a47767a2b35d74ef55d26af8\\opentelemetry-api-incubator-1.46.0-alpha.jar;C:\\IDEA_1\\Settings\\caches\\modules-2\\files-2.1\\io.opentelemetry\\opentelemetry-api\\1.46.0\\afd2d5781454088400cceabbe84f7a9b29d27161\\opentelemetry-api-1.46.0.jar;C:\\IDEA_1\\Settings\\caches\\modules-2\\files-2.1\\io.opentelemetry\\opentelemetry-context\\1.46.0\\8cee1fa7ec9129f7b252595c612c19f4570d567f\\opentelemetry-context-1.46.0.jar;C:\\IDEA_1\\Settings\\caches\\modules-2\\files-2.1\\net.bytebuddy\\byte-buddy\\1.15.11\\f61886478e0f9ee4c21d09574736f0ff45e0a46c\\byte-buddy-1.15.11.jar;C:\\IDEA_1\\Settings\\caches\\modules-2\\files-2.1\\org.apache.httpcomponents.core5\\httpcore5-h2\\5.3.3\\72240efe9cf4683613f01bac5bca4fe6b06ba497\\httpcore5-h2-5.3.3.jar;C:\\IDEA_1\\Settings\\caches\\modules-2\\files-2.1\\org.apache.httpcomponents.core5\\httpcore5\\5.3.3\\d6c702631841d1f3202c1f10973a98bab833fe23\\httpcore5-5.3.3.jar;C:\\IDEA_1\\Settings\\caches\\modules-2\\files-2.1\\org.apache.commons\\commons-exec\\1.4.0\\e9061b21958bfaf1cb736eb22e36cbf02d8fe9f\\commons-exec-1.4.0.jar
Launcher Type: SUN_STANDARD

[Global flags]
     intx CICompilerCount                          = 4                                         {product} {ergonomic}
     uint ConcGCThreads                            = 2                                         {product} {ergonomic}
     uint G1ConcRefinementThreads                  = 8                                         {product} {ergonomic}
   size_t G1HeapRegionSize                         = 1048576                                   {product} {ergonomic}
    uintx GCDrainStackTargetSize                   = 64                                        {product} {ergonomic}
   size_t InitialHeapSize                          = 132120576                                 {product} {ergonomic}
   size_t MarkStackSize                            = 4194304                                   {product} {ergonomic}
   size_t MaxHeapSize                              = 536870912                                 {product} {command line}
   size_t MaxNewSize                               = 321912832                                 {product} {ergonomic}
   size_t MinHeapDeltaBytes                        = 1048576                                   {product} {ergonomic}
   size_t MinHeapSize                              = 8388608                                   {product} {ergonomic}
    uintx NonNMethodCodeHeapSize                   = 5839372                                {pd product} {ergonomic}
    uintx NonProfiledCodeHeapSize                  = 122909434                              {pd product} {ergonomic}
    uintx ProfiledCodeHeapSize                     = 122909434                              {pd product} {ergonomic}
    uintx ReservedCodeCacheSize                    = 251658240                              {pd product} {ergonomic}
     bool SegmentedCodeCache                       = true                                      {product} {ergonomic}
   size_t SoftMaxHeapSize                          = 536870912                              {manageable} {ergonomic}
     bool UseCompressedOops                        = true                           {product lp64_product} {ergonomic}
     bool UseG1GC                                  = true                                      {product} {ergonomic}
     bool UseLargePagesIndividualAllocation        = false                                  {pd product} {ergonomic}

Logging:
Log output configuration:
 #0: stdout all=warning uptime,level,tags foldmultilines=false
 #1: stderr all=off uptime,level,tags foldmultilines=false

Release file:
IMPLEMENTOR="Microsoft" 
IMPLEMENTOR_VERSION="Microsoft-12574459" 
JAVA_RUNTIME_VERSION="21.0.9+10-LTS" 
JAVA_VERSION="21.0.9" 
JAVA_VERSION_DATE="2025-10-21" 
LIBC="default" 
MODULES="java.base java.compiler java.datatransfer java.xml java.prefs java.desktop java.instrument java.logging java.management java.security.sasl java.naming java.rmi java.management.rmi java.net.http java.scripting java.security.jgss java.transaction.xa java.sql java.sql.rowset java.xml.crypto java.se java.smartcardio jdk.accessibility jdk.internal.jvmstat jdk.attach jdk.charsets jdk.internal.opt jdk.zipfs jdk.compiler jdk.crypto.ec jdk.crypto.cryptoki jdk.crypto.mscapi jdk.dynalink jdk.internal.ed jdk.editpad jdk.hotspot.agent jdk.httpserver jdk.incubator.vector jdk.internal.le jdk.internal.vm.ci jdk.internal.vm.compiler jdk.internal.vm.compiler.management jdk.jartool jdk.javadoc jdk.jcmd jdk.management jdk.management.agent jdk.jconsole jdk.jdeps jdk.jdwp.agent jdk.jdi jdk.jfr jdk.jlink jdk.jpackage jdk.jshell jdk.jsobject jdk.jstatd jdk.localedata jdk.management.jfr jdk.naming.dns jdk.naming.rmi jdk.net jdk.nio.mapmode jdk.random jdk.sctp jdk.security.auth jdk.security.jgss jdk.unsupported jdk.unsupported.desktop jdk.xml.dom" 
OS_ARCH="x86_64" 
OS_NAME="Windows" 
SOURCE=".:git:e0bc49609000" 

Environment Variables:
JAVA_HOME=c:\Program Files\Java\jdk-25
PATH=C:\Program Files\Common Files\Oracle\Java\javapath;C:\Windows\system32;C:\Windows;C:\Windows\System32\Wbem;C:\Windows\System32\WindowsPowerShell\v1.0\;C:\Windows\System32\OpenSSH\;C:\Program Files\Git\cmd;C:\Gradle\gradle-8.14.3\bin;C:\IDEA_1\Settings;C:\IDEA_1\IdeaProjects;C:\Users\Admin\AppData\Local\Microsoft\WindowsApps;C:\Program Files\JetBrains\IntelliJ IDEA 2025.2.5\bin;C:\Users\Admin\AppData\Local\Programs\Microsoft VS Code\bin
USERNAME=Admin
OS=Windows_NT
PROCESSOR_IDENTIFIER=Intel64 Family 6 Model 126 Stepping 5, GenuineIntel
TMP=C:\Users\Admin\AppData\Local\Temp
TEMP=C:\Users\Admin\AppData\Local\Temp




Periodic native trim disabled

---------------  S Y S T E M  ---------------

OS:
 Windows 10 , 64 bit Build 19041 (10.0.19041.5915)
OS uptime: 12 days 13:17 hours
Hyper-V role detected

CPU: total 8 (initial active 8) (4 cores per cpu, 2 threads per core) family 6 model 126 stepping 5 microcode 0xc2, cx8, cmov, fxsr, ht, mmx, 3dnowpref, sse, sse2, sse3, ssse3, sse4.1, sse4.2, popcnt, lzcnt, tsc, tscinvbit, avx, avx2, aes, erms, clmul, bmi1, bmi2, adx, avx512f, avx512dq, avx512cd, avx512bw, avx512vl, sha, fma, vzeroupper, avx512_vpopcntdq, avx512_vpclmulqdq, avx512_vaes, avx512_vnni, clflush, clflushopt, avx512_vbmi2, avx512_vbmi, hv, rdtscp, rdpid, fsrm, gfni, avx512_bitalg, f16c, avx512_ifma
Processor Information for the first 8 processors :
  Max Mhz: 1190, Current Mhz: 991, Mhz Limit: 987

Memory: 4k page, system-wide physical 7959M (296M free)
TotalPageFile size 30248M (AvailPageFile size 0M)
current process WorkingSet (physical memory assigned to process): 244M, peak: 244M
current process commit charge ("private bytes"): 287M, peak: 291M

vm_info: OpenJDK 64-Bit Server VM (21.0.9+10-LTS) for windows-amd64 JRE (21.0.9+10-LTS), built on 2025-10-13T22:04:36Z by "MicrosoftCorporation" with unknown MS VC++:1944

END.
